2025-02-05 11:01:38.269 [info] Extension host with pid 23139 started
2025-02-05 11:01:38.269 [info] Skipping acquiring lock for /home/zaryu/.config/Code - OSS/User/workspaceStorage/1c98418f9b87d596b3eff7ee781cfc0f.
2025-02-05 11:01:38.317 [info] ExtensionService#_doActivateExtension vscode.git-base, startup: true, activationEvent: '*', root cause: vscode.git
2025-02-05 11:01:38.394 [info] ExtensionService#_doActivateExtension arrterian.nix-env-selector, startup: true, activationEvent: '*'
2025-02-05 11:01:38.657 [info] ExtensionService#_doActivateExtension vscode.git, startup: true, activationEvent: '*'
2025-02-05 11:01:39.006 [info] ExtensionService#_doActivateExtension vscode.github, startup: true, activationEvent: '*'
2025-02-05 11:01:39.546 [info] Eager extensions activated
2025-02-05 11:01:39.807 [info] ExtensionService#_doActivateExtension vscode.debug-auto-launch, startup: false, activationEvent: 'onStartupFinished'
2025-02-05 11:01:39.827 [info] ExtensionService#_doActivateExtension vscode.merge-conflict, startup: false, activationEvent: 'onStartupFinished'
2025-02-05 11:01:39.932 [info] ExtensionService#_doActivateExtension sourcegraph.cody-ai, startup: false, activationEvent: 'onStartupFinished'
2025-02-05 11:01:42.535 [info] ExtensionService#_doActivateExtension vscode.emmet, startup: false, activationEvent: 'onLanguage'
2025-02-05 11:01:44.382 [info] ExtensionService#_doActivateExtension vscode.github-authentication, startup: false, activationEvent: 'onAuthenticationRequest:github'
2025-02-05 11:03:44.556 [error] TypeError: The "paths[1]" argument must be of type string. Received undefined
	at Object.resolve (node:path:1169:7)
	at createParser (/home/zaryu/.vscode-oss/extensions/sourcegraph.cody-ai-1.62.0-universal/dist/extension.node.js:194617:46)
	at parseDocument (/home/zaryu/.vscode-oss/extensions/sourcegraph.cody-ai-1.62.0-universal/dist/extension.node.js:194685:25)
	at parseAllVisibleDocuments (/home/zaryu/.vscode-oss/extensions/sourcegraph.cody-ai-1.62.0-universal/dist/extension.node.js:194740:19)
	at kh.value (file:///usr/lib/code/out/vs/workbench/api/node/extensionHostProcess.js:157:35593)
	at P.B (file:///usr/lib/code/out/vs/workbench/api/node/extensionHostProcess.js:30:746)
	at P.C (file:///usr/lib/code/out/vs/workbench/api/node/extensionHostProcess.js:30:816)
	at P.fire (file:///usr/lib/code/out/vs/workbench/api/node/extensionHostProcess.js:30:1033)
	at kh.value (file:///usr/lib/code/out/vs/workbench/api/node/extensionHostProcess.js:156:61718)
	at P.B (file:///usr/lib/code/out/vs/workbench/api/node/extensionHostProcess.js:30:746)
	at P.fire (file:///usr/lib/code/out/vs/workbench/api/node/extensionHostProcess.js:30:964)
	at Ow.acceptDocumentsAndEditorsDelta (file:///usr/lib/code/out/vs/workbench/api/node/extensionHostProcess.js:122:11576)
	at Ow.$acceptDocumentsAndEditorsDelta (file:///usr/lib/code/out/vs/workbench/api/node/extensionHostProcess.js:122:10121)
	at Dy.S (file:///usr/lib/code/out/vs/workbench/api/node/extensionHostProcess.js:32:115275)
	at Dy.Q (file:///usr/lib/code/out/vs/workbench/api/node/extensionHostProcess.js:32:115055)
	at Dy.M (file:///usr/lib/code/out/vs/workbench/api/node/extensionHostProcess.js:32:114144)
	at Dy.L (file:///usr/lib/code/out/vs/workbench/api/node/extensionHostProcess.js:32:113249)
	at kh.value (file:///usr/lib/code/out/vs/workbench/api/node/extensionHostProcess.js:32:112046)
	at P.B (file:///usr/lib/code/out/vs/workbench/api/node/extensionHostProcess.js:30:746)
	at P.fire (file:///usr/lib/code/out/vs/workbench/api/node/extensionHostProcess.js:30:964)
	at Vn.fire (file:///usr/lib/code/out/vs/workbench/api/node/extensionHostProcess.js:32:9457)
	at kh.value (file:///usr/lib/code/out/vs/workbench/api/node/extensionHostProcess.js:175:13296)
	at P.B (file:///usr/lib/code/out/vs/workbench/api/node/extensionHostProcess.js:30:746)
	at P.fire (file:///usr/lib/code/out/vs/workbench/api/node/extensionHostProcess.js:30:964)
	at Vn.fire (file:///usr/lib/code/out/vs/workbench/api/node/extensionHostProcess.js:32:9457)
	at MessagePortMain.<anonymous> (file:///usr/lib/code/out/vs/workbench/api/node/extensionHostProcess.js:175:11588)
	at MessagePortMain.emit (node:events:518:28)
	at MessagePortMain.emit (node:domain:489:12)
	at MessagePortMain._internalPort.emit (node:electron/js2c/utility_init:2:2949)
2025-02-05 11:04:17.671 [error] TypeError: The "paths[1]" argument must be of type string. Received undefined
	at Object.resolve (node:path:1169:7)
	at createParser (/home/zaryu/.vscode-oss/extensions/sourcegraph.cody-ai-1.62.0-universal/dist/extension.node.js:194617:46)
	at parseDocument (/home/zaryu/.vscode-oss/extensions/sourcegraph.cody-ai-1.62.0-universal/dist/extension.node.js:194685:25)
	at parseAllVisibleDocuments (/home/zaryu/.vscode-oss/extensions/sourcegraph.cody-ai-1.62.0-universal/dist/extension.node.js:194740:19)
	at kh.value (file:///usr/lib/code/out/vs/workbench/api/node/extensionHostProcess.js:157:35593)
	at P.B (file:///usr/lib/code/out/vs/workbench/api/node/extensionHostProcess.js:30:746)
	at P.C (file:///usr/lib/code/out/vs/workbench/api/node/extensionHostProcess.js:30:816)
	at P.fire (file:///usr/lib/code/out/vs/workbench/api/node/extensionHostProcess.js:30:1033)
	at kh.value (file:///usr/lib/code/out/vs/workbench/api/node/extensionHostProcess.js:156:61718)
	at P.B (file:///usr/lib/code/out/vs/workbench/api/node/extensionHostProcess.js:30:746)
	at P.fire (file:///usr/lib/code/out/vs/workbench/api/node/extensionHostProcess.js:30:964)
	at Ow.acceptDocumentsAndEditorsDelta (file:///usr/lib/code/out/vs/workbench/api/node/extensionHostProcess.js:122:11576)
	at Ow.$acceptDocumentsAndEditorsDelta (file:///usr/lib/code/out/vs/workbench/api/node/extensionHostProcess.js:122:10121)
	at Dy.S (file:///usr/lib/code/out/vs/workbench/api/node/extensionHostProcess.js:32:115275)
	at Dy.Q (file:///usr/lib/code/out/vs/workbench/api/node/extensionHostProcess.js:32:115055)
	at Dy.M (file:///usr/lib/code/out/vs/workbench/api/node/extensionHostProcess.js:32:114144)
	at Dy.L (file:///usr/lib/code/out/vs/workbench/api/node/extensionHostProcess.js:32:113249)
	at kh.value (file:///usr/lib/code/out/vs/workbench/api/node/extensionHostProcess.js:32:112046)
	at P.B (file:///usr/lib/code/out/vs/workbench/api/node/extensionHostProcess.js:30:746)
	at P.fire (file:///usr/lib/code/out/vs/workbench/api/node/extensionHostProcess.js:30:964)
	at Vn.fire (file:///usr/lib/code/out/vs/workbench/api/node/extensionHostProcess.js:32:9457)
	at kh.value (file:///usr/lib/code/out/vs/workbench/api/node/extensionHostProcess.js:175:13296)
	at P.B (file:///usr/lib/code/out/vs/workbench/api/node/extensionHostProcess.js:30:746)
	at P.fire (file:///usr/lib/code/out/vs/workbench/api/node/extensionHostProcess.js:30:964)
	at Vn.fire (file:///usr/lib/code/out/vs/workbench/api/node/extensionHostProcess.js:32:9457)
	at MessagePortMain.<anonymous> (file:///usr/lib/code/out/vs/workbench/api/node/extensionHostProcess.js:175:11588)
	at MessagePortMain.emit (node:events:518:28)
	at MessagePortMain.emit (node:domain:489:12)
	at MessagePortMain._internalPort.emit (node:electron/js2c/utility_init:2:2949)
	at Object.topLevelDomainCallback (node:domain:161:15)
	at Object.callbackTrampoline (node:internal/async_hooks:128:24)
2025-02-05 11:04:26.926 [error] TypeError: The "paths[1]" argument must be of type string. Received undefined
	at Object.resolve (node:path:1169:7)
	at createParser (/home/zaryu/.vscode-oss/extensions/sourcegraph.cody-ai-1.62.0-universal/dist/extension.node.js:194617:46)
	at parseDocument (/home/zaryu/.vscode-oss/extensions/sourcegraph.cody-ai-1.62.0-universal/dist/extension.node.js:194685:25)
	at parseAllVisibleDocuments (/home/zaryu/.vscode-oss/extensions/sourcegraph.cody-ai-1.62.0-universal/dist/extension.node.js:194740:19)
	at kh.value (file:///usr/lib/code/out/vs/workbench/api/node/extensionHostProcess.js:157:35593)
	at P.B (file:///usr/lib/code/out/vs/workbench/api/node/extensionHostProcess.js:30:746)
	at P.C (file:///usr/lib/code/out/vs/workbench/api/node/extensionHostProcess.js:30:816)
	at P.fire (file:///usr/lib/code/out/vs/workbench/api/node/extensionHostProcess.js:30:1033)
	at kh.value (file:///usr/lib/code/out/vs/workbench/api/node/extensionHostProcess.js:156:61718)
	at P.B (file:///usr/lib/code/out/vs/workbench/api/node/extensionHostProcess.js:30:746)
	at P.fire (file:///usr/lib/code/out/vs/workbench/api/node/extensionHostProcess.js:30:964)
	at Ow.acceptDocumentsAndEditorsDelta (file:///usr/lib/code/out/vs/workbench/api/node/extensionHostProcess.js:122:11576)
	at Ow.$acceptDocumentsAndEditorsDelta (file:///usr/lib/code/out/vs/workbench/api/node/extensionHostProcess.js:122:10121)
	at Dy.S (file:///usr/lib/code/out/vs/workbench/api/node/extensionHostProcess.js:32:115275)
	at Dy.Q (file:///usr/lib/code/out/vs/workbench/api/node/extensionHostProcess.js:32:115055)
	at Dy.M (file:///usr/lib/code/out/vs/workbench/api/node/extensionHostProcess.js:32:114144)
	at Dy.L (file:///usr/lib/code/out/vs/workbench/api/node/extensionHostProcess.js:32:113249)
	at kh.value (file:///usr/lib/code/out/vs/workbench/api/node/extensionHostProcess.js:32:112046)
	at P.B (file:///usr/lib/code/out/vs/workbench/api/node/extensionHostProcess.js:30:746)
	at P.fire (file:///usr/lib/code/out/vs/workbench/api/node/extensionHostProcess.js:30:964)
	at Vn.fire (file:///usr/lib/code/out/vs/workbench/api/node/extensionHostProcess.js:32:9457)
	at kh.value (file:///usr/lib/code/out/vs/workbench/api/node/extensionHostProcess.js:175:13296)
	at P.B (file:///usr/lib/code/out/vs/workbench/api/node/extensionHostProcess.js:30:746)
	at P.fire (file:///usr/lib/code/out/vs/workbench/api/node/extensionHostProcess.js:30:964)
	at Vn.fire (file:///usr/lib/code/out/vs/workbench/api/node/extensionHostProcess.js:32:9457)
	at MessagePortMain.<anonymous> (file:///usr/lib/code/out/vs/workbench/api/node/extensionHostProcess.js:175:11588)
	at MessagePortMain.emit (node:events:518:28)
	at MessagePortMain.emit (node:domain:489:12)
	at MessagePortMain._internalPort.emit (node:electron/js2c/utility_init:2:2949)
	at Object.topLevelDomainCallback (node:domain:161:15)
	at Object.callbackTrampoline (node:internal/async_hooks:128:24)
2025-02-05 11:04:37.990 [error] TypeError: The "paths[1]" argument must be of type string. Received undefined
	at Object.resolve (node:path:1169:7)
	at createParser (/home/zaryu/.vscode-oss/extensions/sourcegraph.cody-ai-1.62.0-universal/dist/extension.node.js:194617:46)
	at parseDocument (/home/zaryu/.vscode-oss/extensions/sourcegraph.cody-ai-1.62.0-universal/dist/extension.node.js:194685:25)
	at parseAllVisibleDocuments (/home/zaryu/.vscode-oss/extensions/sourcegraph.cody-ai-1.62.0-universal/dist/extension.node.js:194740:19)
	at kh.value (file:///usr/lib/code/out/vs/workbench/api/node/extensionHostProcess.js:157:35593)
	at P.B (file:///usr/lib/code/out/vs/workbench/api/node/extensionHostProcess.js:30:746)
	at P.C (file:///usr/lib/code/out/vs/workbench/api/node/extensionHostProcess.js:30:816)
	at P.fire (file:///usr/lib/code/out/vs/workbench/api/node/extensionHostProcess.js:30:1033)
	at kh.value (file:///usr/lib/code/out/vs/workbench/api/node/extensionHostProcess.js:156:61718)
	at P.B (file:///usr/lib/code/out/vs/workbench/api/node/extensionHostProcess.js:30:746)
	at P.fire (file:///usr/lib/code/out/vs/workbench/api/node/extensionHostProcess.js:30:964)
	at Ow.acceptDocumentsAndEditorsDelta (file:///usr/lib/code/out/vs/workbench/api/node/extensionHostProcess.js:122:11576)
	at Ow.$acceptDocumentsAndEditorsDelta (file:///usr/lib/code/out/vs/workbench/api/node/extensionHostProcess.js:122:10121)
	at Dy.S (file:///usr/lib/code/out/vs/workbench/api/node/extensionHostProcess.js:32:115275)
	at Dy.Q (file:///usr/lib/code/out/vs/workbench/api/node/extensionHostProcess.js:32:115055)
	at Dy.M (file:///usr/lib/code/out/vs/workbench/api/node/extensionHostProcess.js:32:114144)
	at Dy.L (file:///usr/lib/code/out/vs/workbench/api/node/extensionHostProcess.js:32:113249)
	at kh.value (file:///usr/lib/code/out/vs/workbench/api/node/extensionHostProcess.js:32:112046)
	at P.B (file:///usr/lib/code/out/vs/workbench/api/node/extensionHostProcess.js:30:746)
	at P.fire (file:///usr/lib/code/out/vs/workbench/api/node/extensionHostProcess.js:30:964)
	at Vn.fire (file:///usr/lib/code/out/vs/workbench/api/node/extensionHostProcess.js:32:9457)
	at kh.value (file:///usr/lib/code/out/vs/workbench/api/node/extensionHostProcess.js:175:13296)
	at P.B (file:///usr/lib/code/out/vs/workbench/api/node/extensionHostProcess.js:30:746)
	at P.fire (file:///usr/lib/code/out/vs/workbench/api/node/extensionHostProcess.js:30:964)
	at Vn.fire (file:///usr/lib/code/out/vs/workbench/api/node/extensionHostProcess.js:32:9457)
	at MessagePortMain.<anonymous> (file:///usr/lib/code/out/vs/workbench/api/node/extensionHostProcess.js:175:11588)
	at MessagePortMain.emit (node:events:518:28)
	at MessagePortMain.emit (node:domain:489:12)
	at MessagePortMain._internalPort.emit (node:electron/js2c/utility_init:2:2949)
	at Object.topLevelDomainCallback (node:domain:161:15)
	at Object.callbackTrampoline (node:internal/async_hooks:128:24)
2025-02-05 11:06:26.947 [error] TypeError: The "paths[1]" argument must be of type string. Received undefined
	at Object.resolve (node:path:1169:7)
	at createParser (/home/zaryu/.vscode-oss/extensions/sourcegraph.cody-ai-1.62.0-universal/dist/extension.node.js:194617:46)
	at parseDocument (/home/zaryu/.vscode-oss/extensions/sourcegraph.cody-ai-1.62.0-universal/dist/extension.node.js:194685:25)
	at parseAllVisibleDocuments (/home/zaryu/.vscode-oss/extensions/sourcegraph.cody-ai-1.62.0-universal/dist/extension.node.js:194740:19)
	at kh.value (file:///usr/lib/code/out/vs/workbench/api/node/extensionHostProcess.js:157:35593)
	at P.B (file:///usr/lib/code/out/vs/workbench/api/node/extensionHostProcess.js:30:746)
	at P.C (file:///usr/lib/code/out/vs/workbench/api/node/extensionHostProcess.js:30:816)
	at P.fire (file:///usr/lib/code/out/vs/workbench/api/node/extensionHostProcess.js:30:1033)
	at kh.value (file:///usr/lib/code/out/vs/workbench/api/node/extensionHostProcess.js:156:61718)
	at P.B (file:///usr/lib/code/out/vs/workbench/api/node/extensionHostProcess.js:30:746)
	at P.fire (file:///usr/lib/code/out/vs/workbench/api/node/extensionHostProcess.js:30:964)
	at Ow.acceptDocumentsAndEditorsDelta (file:///usr/lib/code/out/vs/workbench/api/node/extensionHostProcess.js:122:11576)
	at Ow.$acceptDocumentsAndEditorsDelta (file:///usr/lib/code/out/vs/workbench/api/node/extensionHostProcess.js:122:10121)
	at Dy.S (file:///usr/lib/code/out/vs/workbench/api/node/extensionHostProcess.js:32:115275)
	at Dy.Q (file:///usr/lib/code/out/vs/workbench/api/node/extensionHostProcess.js:32:115055)
	at Dy.M (file:///usr/lib/code/out/vs/workbench/api/node/extensionHostProcess.js:32:114144)
	at Dy.L (file:///usr/lib/code/out/vs/workbench/api/node/extensionHostProcess.js:32:113249)
	at kh.value (file:///usr/lib/code/out/vs/workbench/api/node/extensionHostProcess.js:32:112046)
	at P.B (file:///usr/lib/code/out/vs/workbench/api/node/extensionHostProcess.js:30:746)
	at P.fire (file:///usr/lib/code/out/vs/workbench/api/node/extensionHostProcess.js:30:964)
	at Vn.fire (file:///usr/lib/code/out/vs/workbench/api/node/extensionHostProcess.js:32:9457)
	at kh.value (file:///usr/lib/code/out/vs/workbench/api/node/extensionHostProcess.js:175:13296)
	at P.B (file:///usr/lib/code/out/vs/workbench/api/node/extensionHostProcess.js:30:746)
	at P.fire (file:///usr/lib/code/out/vs/workbench/api/node/extensionHostProcess.js:30:964)
	at Vn.fire (file:///usr/lib/code/out/vs/workbench/api/node/extensionHostProcess.js:32:9457)
	at MessagePortMain.<anonymous> (file:///usr/lib/code/out/vs/workbench/api/node/extensionHostProcess.js:175:11588)
	at MessagePortMain.emit (node:events:518:28)
	at MessagePortMain.emit (node:domain:489:12)
	at MessagePortMain._internalPort.emit (node:electron/js2c/utility_init:2:2949)
	at Object.topLevelDomainCallback (node:domain:161:15)
	at Object.callbackTrampoline (node:internal/async_hooks:128:24)
2025-02-05 11:07:36.710 [error] TypeError: The "paths[1]" argument must be of type string. Received undefined
	at Object.resolve (node:path:1169:7)
	at createParser (/home/zaryu/.vscode-oss/extensions/sourcegraph.cody-ai-1.62.0-universal/dist/extension.node.js:194617:46)
	at parseDocument (/home/zaryu/.vscode-oss/extensions/sourcegraph.cody-ai-1.62.0-universal/dist/extension.node.js:194685:25)
	at parseAllVisibleDocuments (/home/zaryu/.vscode-oss/extensions/sourcegraph.cody-ai-1.62.0-universal/dist/extension.node.js:194740:19)
	at kh.value (file:///usr/lib/code/out/vs/workbench/api/node/extensionHostProcess.js:157:35593)
	at P.B (file:///usr/lib/code/out/vs/workbench/api/node/extensionHostProcess.js:30:746)
	at P.C (file:///usr/lib/code/out/vs/workbench/api/node/extensionHostProcess.js:30:816)
	at P.fire (file:///usr/lib/code/out/vs/workbench/api/node/extensionHostProcess.js:30:1033)
	at kh.value (file:///usr/lib/code/out/vs/workbench/api/node/extensionHostProcess.js:156:61718)
	at P.B (file:///usr/lib/code/out/vs/workbench/api/node/extensionHostProcess.js:30:746)
	at P.fire (file:///usr/lib/code/out/vs/workbench/api/node/extensionHostProcess.js:30:964)
	at Ow.acceptDocumentsAndEditorsDelta (file:///usr/lib/code/out/vs/workbench/api/node/extensionHostProcess.js:122:11576)
	at Ow.$acceptDocumentsAndEditorsDelta (file:///usr/lib/code/out/vs/workbench/api/node/extensionHostProcess.js:122:10121)
	at Dy.S (file:///usr/lib/code/out/vs/workbench/api/node/extensionHostProcess.js:32:115275)
	at Dy.Q (file:///usr/lib/code/out/vs/workbench/api/node/extensionHostProcess.js:32:115055)
	at Dy.M (file:///usr/lib/code/out/vs/workbench/api/node/extensionHostProcess.js:32:114144)
	at Dy.L (file:///usr/lib/code/out/vs/workbench/api/node/extensionHostProcess.js:32:113249)
	at kh.value (file:///usr/lib/code/out/vs/workbench/api/node/extensionHostProcess.js:32:112046)
	at P.B (file:///usr/lib/code/out/vs/workbench/api/node/extensionHostProcess.js:30:746)
	at P.fire (file:///usr/lib/code/out/vs/workbench/api/node/extensionHostProcess.js:30:964)
	at Vn.fire (file:///usr/lib/code/out/vs/workbench/api/node/extensionHostProcess.js:32:9457)
	at kh.value (file:///usr/lib/code/out/vs/workbench/api/node/extensionHostProcess.js:175:13296)
	at P.B (file:///usr/lib/code/out/vs/workbench/api/node/extensionHostProcess.js:30:746)
	at P.fire (file:///usr/lib/code/out/vs/workbench/api/node/extensionHostProcess.js:30:964)
	at Vn.fire (file:///usr/lib/code/out/vs/workbench/api/node/extensionHostProcess.js:32:9457)
	at MessagePortMain.<anonymous> (file:///usr/lib/code/out/vs/workbench/api/node/extensionHostProcess.js:175:11588)
	at MessagePortMain.emit (node:events:518:28)
	at MessagePortMain.emit (node:domain:489:12)
	at MessagePortMain._internalPort.emit (node:electron/js2c/utility_init:2:2949)
	at Object.topLevelDomainCallback (node:domain:161:15)
	at Object.callbackTrampoline (node:internal/async_hooks:128:24)
2025-02-05 11:07:43.689 [error] TypeError: The "paths[1]" argument must be of type string. Received undefined
	at Object.resolve (node:path:1169:7)
	at createParser (/home/zaryu/.vscode-oss/extensions/sourcegraph.cody-ai-1.62.0-universal/dist/extension.node.js:194617:46)
	at parseDocument (/home/zaryu/.vscode-oss/extensions/sourcegraph.cody-ai-1.62.0-universal/dist/extension.node.js:194685:25)
	at parseAllVisibleDocuments (/home/zaryu/.vscode-oss/extensions/sourcegraph.cody-ai-1.62.0-universal/dist/extension.node.js:194740:19)
	at kh.value (file:///usr/lib/code/out/vs/workbench/api/node/extensionHostProcess.js:157:35593)
	at P.B (file:///usr/lib/code/out/vs/workbench/api/node/extensionHostProcess.js:30:746)
	at P.C (file:///usr/lib/code/out/vs/workbench/api/node/extensionHostProcess.js:30:816)
	at P.fire (file:///usr/lib/code/out/vs/workbench/api/node/extensionHostProcess.js:30:1033)
	at kh.value (file:///usr/lib/code/out/vs/workbench/api/node/extensionHostProcess.js:156:61718)
	at P.B (file:///usr/lib/code/out/vs/workbench/api/node/extensionHostProcess.js:30:746)
	at P.fire (file:///usr/lib/code/out/vs/workbench/api/node/extensionHostProcess.js:30:964)
	at Ow.acceptDocumentsAndEditorsDelta (file:///usr/lib/code/out/vs/workbench/api/node/extensionHostProcess.js:122:11576)
	at Ow.$acceptDocumentsAndEditorsDelta (file:///usr/lib/code/out/vs/workbench/api/node/extensionHostProcess.js:122:10121)
	at Dy.S (file:///usr/lib/code/out/vs/workbench/api/node/extensionHostProcess.js:32:115275)
	at Dy.Q (file:///usr/lib/code/out/vs/workbench/api/node/extensionHostProcess.js:32:115055)
	at Dy.M (file:///usr/lib/code/out/vs/workbench/api/node/extensionHostProcess.js:32:114144)
	at Dy.L (file:///usr/lib/code/out/vs/workbench/api/node/extensionHostProcess.js:32:113249)
	at kh.value (file:///usr/lib/code/out/vs/workbench/api/node/extensionHostProcess.js:32:112046)
	at P.B (file:///usr/lib/code/out/vs/workbench/api/node/extensionHostProcess.js:30:746)
	at P.fire (file:///usr/lib/code/out/vs/workbench/api/node/extensionHostProcess.js:30:964)
	at Vn.fire (file:///usr/lib/code/out/vs/workbench/api/node/extensionHostProcess.js:32:9457)
	at kh.value (file:///usr/lib/code/out/vs/workbench/api/node/extensionHostProcess.js:175:13296)
	at P.B (file:///usr/lib/code/out/vs/workbench/api/node/extensionHostProcess.js:30:746)
	at P.fire (file:///usr/lib/code/out/vs/workbench/api/node/extensionHostProcess.js:30:964)
	at Vn.fire (file:///usr/lib/code/out/vs/workbench/api/node/extensionHostProcess.js:32:9457)
	at MessagePortMain.<anonymous> (file:///usr/lib/code/out/vs/workbench/api/node/extensionHostProcess.js:175:11588)
	at MessagePortMain.emit (node:events:518:28)
	at MessagePortMain.emit (node:domain:489:12)
	at MessagePortMain._internalPort.emit (node:electron/js2c/utility_init:2:2949)
	at Object.topLevelDomainCallback (node:domain:161:15)
	at Object.callbackTrampoline (node:internal/async_hooks:128:24)
2025-02-05 11:28:38.461 [info] Extension host terminating: renderer closed the MessagePort
2025-02-05 11:28:38.522 [error] Canceled: Canceled
	at new IT (file:///usr/lib/code/out/vs/workbench/api/node/extensionHostProcess.js:32:110702)
	at Dy.U (file:///usr/lib/code/out/vs/workbench/api/node/extensionHostProcess.js:32:115312)
	at s.<computed>.n.charCodeAt.s.<computed> (file:///usr/lib/code/out/vs/workbench/api/node/extensionHostProcess.js:32:112806)
	at cw.g (file:///usr/lib/code/out/vs/workbench/api/node/extensionHostProcess.js:115:32313)
	at cw.executeCommand (file:///usr/lib/code/out/vs/workbench/api/node/extensionHostProcess.js:115:31817)
	at r.registerCommand.description (file:///usr/lib/code/out/vs/workbench/api/node/extensionHostProcess.js:115:31147)
	at cw.h (file:///usr/lib/code/out/vs/workbench/api/node/extensionHostProcess.js:115:32833)
	at cw.g (file:///usr/lib/code/out/vs/workbench/api/node/extensionHostProcess.js:115:31910)
	at cw.executeCommand (file:///usr/lib/code/out/vs/workbench/api/node/extensionHostProcess.js:115:31817)
	at Object.executeCommand (file:///usr/lib/code/out/vs/workbench/api/node/extensionHostProcess.js:157:37484)
	at kh.L [as value] (/usr/lib/code/extensions/git/dist/main.js:2:975601)
	at P.B (file:///usr/lib/code/out/vs/workbench/api/node/extensionHostProcess.js:30:746)
	at P.C (file:///usr/lib/code/out/vs/workbench/api/node/extensionHostProcess.js:30:816)
	at P.fire (file:///usr/lib/code/out/vs/workbench/api/node/extensionHostProcess.js:30:1033)
	at Object.p [as dispose] (/usr/lib/code/extensions/git/dist/main.js:2:997158)
	at /usr/lib/code/extensions/git/dist/main.js:2:1003280
	at Array.forEach (<anonymous>)
	at b.dispose (/usr/lib/code/extensions/git/dist/main.js:2:1003266)
	at ev.<anonymous> (file:///usr/lib/code/out/vs/workbench/api/node/extensionHostProcess.js:109:20047)
	at ev.dispose (file:///usr/lib/code/out/vs/workbench/api/node/extensionHostProcess.js:109:20143)
	at ev.<anonymous> (/usr/lib/code/extensions/git/dist/main.js:2:978080)
	at ev.dispose (file:///usr/lib/code/out/vs/workbench/api/node/extensionHostProcess.js:109:20143)
	at ai (file:///usr/lib/code/out/vs/workbench/api/node/extensionHostProcess.js:25:699)
	at file:///usr/lib/code/out/vs/workbench/api/node/extensionHostProcess.js:119:14992
	at file:///usr/lib/code/out/vs/workbench/api/node/extensionHostProcess.js:25:1009
	at Object.dispose (file:///usr/lib/code/out/vs/workbench/api/node/extensionHostProcess.js:8:705)
	at zz.eb (file:///usr/lib/code/out/vs/workbench/api/node/extensionHostProcess.js:119:11919)
	at file:///usr/lib/code/out/vs/workbench/api/node/extensionHostProcess.js:119:9874
	at Array.map (<anonymous>)
	at zz.$ (file:///usr/lib/code/out/vs/workbench/api/node/extensionHostProcess.js:119:9862)
	at zz.terminate (file:///usr/lib/code/out/vs/workbench/api/node/extensionHostProcess.js:119:10105)
	at QC.terminate (file:///usr/lib/code/out/vs/workbench/api/node/extensionHostProcess.js:120:1424)
	at Zi (file:///usr/lib/code/out/vs/workbench/api/node/extensionHostProcess.js:175:15080)
	at MessagePortMain.<anonymous> (file:///usr/lib/code/out/vs/workbench/api/node/extensionHostProcess.js:175:11628)
	at MessagePortMain.emit (node:events:518:28)
	at MessagePortMain.emit (node:domain:489:12)
	at MessagePortMain._internalPort.emit (node:electron/js2c/utility_init:2:2949)
	at Object.topLevelDomainCallback (node:domain:161:15)
	at Object.callbackTrampoline (node:internal/async_hooks:128:24) setContext undefined
2025-02-05 11:28:38.525 [error] Canceled: Canceled
	at new IT (file:///usr/lib/code/out/vs/workbench/api/node/extensionHostProcess.js:32:110702)
	at Dy.U (file:///usr/lib/code/out/vs/workbench/api/node/extensionHostProcess.js:32:115312)
	at s.<computed>.n.charCodeAt.s.<computed> (file:///usr/lib/code/out/vs/workbench/api/node/extensionHostProcess.js:32:112806)
	at cw.g (file:///usr/lib/code/out/vs/workbench/api/node/extensionHostProcess.js:115:32313)
	at cw.executeCommand (file:///usr/lib/code/out/vs/workbench/api/node/extensionHostProcess.js:115:31817)
	at r.registerCommand.description (file:///usr/lib/code/out/vs/workbench/api/node/extensionHostProcess.js:115:31147)
	at cw.h (file:///usr/lib/code/out/vs/workbench/api/node/extensionHostProcess.js:115:32833)
	at cw.g (file:///usr/lib/code/out/vs/workbench/api/node/extensionHostProcess.js:115:31910)
	at cw.executeCommand (file:///usr/lib/code/out/vs/workbench/api/node/extensionHostProcess.js:115:31817)
	at Object.executeCommand (file:///usr/lib/code/out/vs/workbench/api/node/extensionHostProcess.js:157:37484)
	at set hasGitHubRepositories (/usr/lib/code/extensions/github/dist/extension.js:2:328633)
	at /usr/lib/code/extensions/github/dist/extension.js:2:329592
	at kh.value (/usr/lib/code/extensions/git/dist/main.js:2:1088462)
	at P.B (file:///usr/lib/code/out/vs/workbench/api/node/extensionHostProcess.js:30:746)
	at P.C (file:///usr/lib/code/out/vs/workbench/api/node/extensionHostProcess.js:30:816)
	at P.fire (file:///usr/lib/code/out/vs/workbench/api/node/extensionHostProcess.js:30:1033)
	at Object.p [as dispose] (/usr/lib/code/extensions/git/dist/main.js:2:997158)
	at /usr/lib/code/extensions/git/dist/main.js:2:1003280
	at Array.forEach (<anonymous>)
	at b.dispose (/usr/lib/code/extensions/git/dist/main.js:2:1003266)
	at ev.<anonymous> (file:///usr/lib/code/out/vs/workbench/api/node/extensionHostProcess.js:109:20047)
	at ev.dispose (file:///usr/lib/code/out/vs/workbench/api/node/extensionHostProcess.js:109:20143)
	at ev.<anonymous> (/usr/lib/code/extensions/git/dist/main.js:2:978080)
	at ev.dispose (file:///usr/lib/code/out/vs/workbench/api/node/extensionHostProcess.js:109:20143)
	at ai (file:///usr/lib/code/out/vs/workbench/api/node/extensionHostProcess.js:25:699)
	at file:///usr/lib/code/out/vs/workbench/api/node/extensionHostProcess.js:119:14992
	at file:///usr/lib/code/out/vs/workbench/api/node/extensionHostProcess.js:25:1009
	at Object.dispose (file:///usr/lib/code/out/vs/workbench/api/node/extensionHostProcess.js:8:705)
	at zz.eb (file:///usr/lib/code/out/vs/workbench/api/node/extensionHostProcess.js:119:11919)
	at file:///usr/lib/code/out/vs/workbench/api/node/extensionHostProcess.js:119:9874
	at Array.map (<anonymous>)
	at zz.$ (file:///usr/lib/code/out/vs/workbench/api/node/extensionHostProcess.js:119:9862)
	at zz.terminate (file:///usr/lib/code/out/vs/workbench/api/node/extensionHostProcess.js:119:10105)
	at QC.terminate (file:///usr/lib/code/out/vs/workbench/api/node/extensionHostProcess.js:120:1424)
	at Zi (file:///usr/lib/code/out/vs/workbench/api/node/extensionHostProcess.js:175:15080)
	at MessagePortMain.<anonymous> (file:///usr/lib/code/out/vs/workbench/api/node/extensionHostProcess.js:175:11628)
	at MessagePortMain.emit (node:events:518:28)
	at MessagePortMain.emit (node:domain:489:12)
	at MessagePortMain._internalPort.emit (node:electron/js2c/utility_init:2:2949)
	at Object.topLevelDomainCallback (node:domain:161:15)
	at Object.callbackTrampoline (node:internal/async_hooks:128:24) setContext undefined
2025-02-05 11:28:38.525 [info] Extension host with pid 23139 exiting with code 0
