2025-02-05 12:22:03.439 [info] [main] Log level: Info
2025-02-05 12:22:03.439 [info] [main] Validating found git in: "git"
2025-02-05 12:22:03.439 [info] [main] Using git "2.48.1" from "git"
2025-02-05 12:22:03.439 [info] [Model][doInitialScan] Initial repository scan started
2025-02-05 12:22:03.439 [info] > git rev-parse --show-toplevel [175ms]
2025-02-05 12:22:03.439 [info] > git rev-parse --git-dir --git-common-dir [10ms]
2025-02-05 12:22:03.439 [info] [Model][openRepository] Opened repository: /home/zaryu/GitHub/Zaryu-Hyde
2025-02-05 12:22:03.478 [info] > git rev-parse --show-toplevel [9ms]
2025-02-05 12:22:03.521 [info] > git config --get commit.template [64ms]
2025-02-05 12:22:03.528 [info] > git rev-parse --show-toplevel [12ms]
2025-02-05 12:22:03.530 [info] > git for-each-ref --format=%(refname)%00%(upstream:short)%00%(objectname)%00%(upstream:track)%00%(upstream:remotename)%00%(upstream:remoteref) refs/heads/master refs/remotes/master [33ms]
2025-02-05 12:22:03.558 [info] > git rev-parse --show-toplevel [5ms]
2025-02-05 12:22:03.623 [info] > git status -z -uall [43ms]
2025-02-05 12:22:03.624 [info] > git for-each-ref --sort -committerdate --format %(refname) %(objectname) %(*objectname) [24ms]
2025-02-05 12:22:03.702 [info] > git for-each-ref --format=%(refname)%00%(upstream:short)%00%(objectname)%00%(upstream:track)%00%(upstream:remotename)%00%(upstream:remoteref) refs/heads/master refs/remotes/master [31ms]
2025-02-05 12:22:03.720 [info] > git rev-parse --show-toplevel [104ms]
2025-02-05 12:22:03.750 [info] > git config --local branch.master.vscode-merge-base [30ms]
2025-02-05 12:22:03.772 [info] > git config --get commit.template [75ms]
2025-02-05 12:22:03.949 [info] > git for-each-ref --format=%(refname)%00%(upstream:short)%00%(objectname)%00%(upstream:track)%00%(upstream:remotename)%00%(upstream:remoteref) refs/heads/origin/master refs/remotes/origin/master [180ms]
2025-02-05 12:22:03.998 [info] > git rev-parse --show-toplevel [252ms]
2025-02-05 12:22:04.052 [info] > git merge-base refs/heads/master refs/remotes/origin/master [85ms]
2025-02-05 12:22:04.093 [info] > git check-ignore -v -z --stdin [10ms]
2025-02-05 12:22:04.096 [info] > git diff --name-status -z --diff-filter=ADMR c355020a8d1d54649ebda9385cc7739be88ce067...refs/remotes/origin/master [29ms]
2025-02-05 12:22:04.098 [info] > git rev-parse --show-toplevel [48ms]
2025-02-05 12:22:04.099 [info] [Model][doInitialScan] Initial repository scan completed - repositories (1), closed repositories (0), parent repositories (0), unsafe repositories (0)
2025-02-05 12:22:04.132 [info] > git for-each-ref --format=%(refname)%00%(upstream:short)%00%(objectname)%00%(upstream:track)%00%(upstream:remotename)%00%(upstream:remoteref) refs/heads/master refs/remotes/master [95ms]
2025-02-05 12:22:04.146 [info] > git show --textconv :Scripts/install.sh [31ms]
2025-02-05 12:22:04.147 [info] > git ls-files --stage -- /home/zaryu/GitHub/Zaryu-Hyde/Scripts/install.sh [15ms]
2025-02-05 12:22:04.206 [info] > git cat-file -s b2e11eee5097c21f8a544b093a9c6a7e513309f2 [45ms]
2025-02-05 12:22:04.218 [info] > git rev-parse --show-toplevel [14ms]
2025-02-05 12:22:04.438 [info] > git status -z -uall [139ms]
2025-02-05 12:22:04.440 [info] > git for-each-ref --sort -committerdate --format %(refname) %(objectname) %(*objectname) [124ms]
2025-02-05 12:22:04.548 [info] > git blame --root --incremental c355020a8d1d54649ebda9385cc7739be88ce067 -- /home/zaryu/GitHub/Zaryu-Hyde/Scripts/install.sh [113ms]
2025-02-05 12:22:04.965 [info] > git rev-parse --show-toplevel [4ms]
2025-02-05 12:22:35.633 [info] > git config --get commit.template [7ms]
2025-02-05 12:22:35.694 [info] > git for-each-ref --format=%(refname)%00%(upstream:short)%00%(objectname)%00%(upstream:track)%00%(upstream:remotename)%00%(upstream:remoteref) refs/heads/master refs/remotes/master [39ms]
2025-02-05 12:22:35.698 [info] > git ls-files --stage -- /home/zaryu/GitHub/Zaryu-Hyde/Scripts/install.sh [10ms]
2025-02-05 12:22:35.794 [info] > git status -z -uall [39ms]
2025-02-05 12:22:35.798 [info] > git cat-file -s df45def1d0a0fcdcff42b3e7175d60dd7c2c5792 [80ms]
2025-02-05 12:22:35.805 [info] > git for-each-ref --sort -committerdate --format %(refname) %(objectname) %(*objectname) [13ms]
2025-02-05 12:22:35.902 [info] > git merge-base refs/heads/master refs/remotes/origin/master [8ms]
2025-02-05 12:22:35.930 [info] > git blame --root --incremental dbc8b24d3e40dcf86bfed947c1b43c4c9a78520f -- /home/zaryu/GitHub/Zaryu-Hyde/Scripts/install.sh [73ms]
2025-02-05 12:22:35.940 [info] > git diff --name-status -z --diff-filter=ADMR dbc8b24d3e40dcf86bfed947c1b43c4c9a78520f...refs/remotes/origin/master [17ms]
2025-02-05 12:22:36.078 [info] > git show --textconv :Scripts/install.sh [8ms]
2025-02-05 12:22:36.345 [info] > git rev-parse --show-toplevel [3ms]
