2025-02-08 22:55:57.395 [info] [main] Log level: Info
2025-02-08 22:55:57.395 [info] [main] Validating found git in: "git"
2025-02-08 22:55:57.395 [info] [main] Using git "2.48.1" from "git"
2025-02-08 22:55:57.395 [info] [Model][doInitialScan] Initial repository scan started
2025-02-08 22:55:57.395 [info] > git rev-parse --show-toplevel [18ms]
2025-02-08 22:55:57.446 [info] > git rev-parse --git-dir --git-common-dir [21ms]
2025-02-08 22:55:57.502 [info] [Model][openRepository] Opened repository: /home/zaryu/GitHub/Zaryu-Hyde
2025-02-08 22:55:57.563 [info] > git rev-parse --show-toplevel [17ms]
2025-02-08 22:55:57.566 [info] > git config --get commit.template [34ms]
2025-02-08 22:55:57.638 [info] > git rev-parse --show-toplevel [48ms]
2025-02-08 22:56:00.607 [info] > git for-each-ref --format=%(refname)%00%(upstream:short)%00%(objectname)%00%(upstream:track)%00%(upstream:remotename)%00%(upstream:remoteref) refs/heads/master refs/remotes/master [2981ms]
2025-02-08 22:56:01.473 [info] > git rev-parse --show-toplevel [871ms]
2025-02-08 22:56:01.702 [info] > git rev-parse --show-toplevel [92ms]
2025-02-08 22:56:02.070 [info] > git status -z -uall [330ms]
2025-02-08 22:56:02.080 [info] > git for-each-ref --sort -committerdate --format %(refname) %(objectname) %(*objectname) [311ms]
2025-02-08 22:56:02.150 [info] > git rev-parse --show-toplevel [361ms]
2025-02-08 22:56:02.158 [info] [Model][doInitialScan] Initial repository scan completed - repositories (1), closed repositories (0), parent repositories (0), unsafe repositories (0)
2025-02-08 22:56:02.335 [info] > git check-ignore -v -z --stdin [40ms]
2025-02-08 22:56:02.344 [info] > git for-each-ref --format=%(refname)%00%(upstream:short)%00%(objectname)%00%(upstream:track)%00%(upstream:remotename)%00%(upstream:remoteref) refs/heads/master refs/remotes/master [220ms]
2025-02-08 22:56:02.401 [info] > git config --local branch.master.vscode-merge-base [32ms]
2025-02-08 22:56:02.443 [info] > git config --get commit.template [110ms]
2025-02-08 22:56:02.449 [info] > git for-each-ref --format=%(refname)%00%(upstream:short)%00%(objectname)%00%(upstream:track)%00%(upstream:remotename)%00%(upstream:remoteref) refs/heads/origin/master refs/remotes/origin/master [11ms]
2025-02-08 22:56:02.583 [info] > git merge-base refs/heads/master refs/remotes/origin/master [87ms]
2025-02-08 22:56:02.604 [info] > git for-each-ref --format=%(refname)%00%(upstream:short)%00%(objectname)%00%(upstream:track)%00%(upstream:remotename)%00%(upstream:remoteref) refs/heads/master refs/remotes/master [24ms]
2025-02-08 22:56:02.632 [info] > git diff --name-status -z --diff-filter=ADMR 88d56a3b61c9789062bcf6d7da8ba193c91865b0...refs/remotes/origin/master [30ms]
2025-02-08 22:56:02.637 [info] > git rev-parse --show-toplevel [11ms]
2025-02-08 22:56:02.689 [info] > git status -z -uall [33ms]
2025-02-08 22:56:02.705 [info] > git for-each-ref --sort -committerdate --format %(refname) %(objectname) %(*objectname) [24ms]
2025-02-08 22:56:03.503 [info] > git rev-parse --show-toplevel [13ms]
2025-02-08 22:56:04.210 [info] > git check-ignore -v -z --stdin [213ms]
2025-02-08 22:56:08.639 [info] > git check-ignore -v -z --stdin [5ms]
2025-02-08 22:56:19.790 [info] [main] Log level: Info
2025-02-08 22:56:19.790 [info] [main] Validating found git in: "git"
2025-02-08 22:56:19.790 [info] [main] Using git "2.48.1" from "git"
2025-02-08 22:56:19.790 [info] [Model][doInitialScan] Initial repository scan started
2025-02-08 22:56:19.790 [info] [Model][doInitialScan] Initial repository scan completed - repositories (0), closed repositories (0), parent repositories (0), unsafe repositories (0)
2025-02-08 22:56:36.185 [info] > git rev-parse --show-toplevel [7ms]
2025-02-08 22:56:36.185 [info] fatal: not a git repository (or any of the parent directories): .git
2025-02-08 22:56:44.071 [info] [main] Log level: Info
2025-02-08 22:56:44.071 [info] [main] Validating found git in: "git"
2025-02-08 22:56:44.071 [info] [main] Using git "2.48.1" from "git"
2025-02-08 22:56:44.071 [info] [Model][doInitialScan] Initial repository scan started
2025-02-08 22:56:44.071 [info] > git rev-parse --show-toplevel [333ms]
2025-02-08 22:56:44.071 [info] fatal: not a git repository (or any of the parent directories): .git
2025-02-08 22:56:44.220 [info] > git rev-parse --show-toplevel [117ms]
2025-02-08 22:56:44.221 [info] fatal: not a git repository (or any of the parent directories): .git
2025-02-08 22:56:44.292 [info] > git rev-parse --show-toplevel [9ms]
2025-02-08 22:56:44.292 [info] fatal: not a git repository (or any of the parent directories): .git
2025-02-08 22:56:44.352 [info] > git rev-parse --show-toplevel [7ms]
2025-02-08 22:56:44.352 [info] fatal: not a git repository (or any of the parent directories): .git
2025-02-08 22:56:44.373 [info] > git rev-parse --show-toplevel [4ms]
2025-02-08 22:56:44.373 [info] fatal: not a git repository (or any of the parent directories): .git
2025-02-08 22:56:44.396 [info] > git rev-parse --show-toplevel [3ms]
2025-02-08 22:56:44.396 [info] fatal: not a git repository (or any of the parent directories): .git
2025-02-08 22:56:44.398 [info] [Model][doInitialScan] Initial repository scan completed - repositories (0), closed repositories (0), parent repositories (0), unsafe repositories (0)
2025-02-08 22:56:58.039 [info] > git rev-parse --show-toplevel [16ms]
2025-02-08 22:56:58.039 [info] fatal: not a git repository (or any of the parent directories): .git
2025-02-08 22:58:06.020 [info] > git rev-parse --show-toplevel [60ms]
2025-02-08 22:58:06.024 [info] fatal: not a git repository (or any of the parent directories): .git
2025-02-08 22:58:44.245 [info] > git rev-parse --show-toplevel [37ms]
2025-02-08 22:58:44.245 [info] fatal: not a git repository (or any of the parent directories): .git
2025-02-08 22:59:31.718 [info] > git rev-parse --show-toplevel [23ms]
2025-02-08 22:59:31.718 [info] fatal: not a git repository (or any of the parent directories): .git
