2025-02-08 22:55:51.600 [info] Added views:outline in workbench.view.explorer
2025-02-08 22:55:51.600 [info] Added views:workbench.view.search in workbench.view.search
2025-02-08 22:55:51.600 [info] Added views:workbench.scm in workbench.view.scm
2025-02-08 22:55:51.600 [info] Added views:workbench.panel.markers.view in workbench.panel.markers
2025-02-08 22:55:51.600 [info] Added views:workbench.panel.output in workbench.panel.output
2025-02-08 22:55:51.600 [info] Added views:terminal in terminal
2025-02-08 22:55:51.601 [info] Added views:timeline in workbench.view.explorer
2025-02-08 22:55:51.601 [info] Added views:workbench.explorer.fileView in workbench.view.explorer
2025-02-08 22:55:54.739 [info] Added views:cody.chat in workbench.view.extension.cody
2025-02-08 22:55:55.771 [info] Added views:workbench.debug.welcome in workbench.view.debug
2025-02-08 22:55:56.168 [info] Added views:workbench.panel.repl.view in workbench.panel.repl
2025-02-08 22:55:57.010 [info] Added views:~remote.forwardedPorts in ~remote.forwardedPortsContainer
2025-02-08 22:55:57.681 [info] Added views:workbench.scm.repositories,workbench.scm.history in workbench.view.scm
2025-02-08 22:56:11.459 [info] Removed views:workbench.scm.history,workbench.scm.repositories from workbench.view.scm
2025-02-08 22:56:11.933 [info] Removed views:workbench.explorer.fileView from workbench.view.explorer
2025-02-08 22:56:12.017 [info] Added views:workbench.explorer.emptyView in workbench.view.explorer
2025-02-08 22:56:12.898 [info] Removed views:workbench.panel.repl.view from workbench.panel.repl
2025-02-08 22:56:14.404 [info] Added views:workbench.panel.repl.view in workbench.panel.repl
2025-02-08 22:56:36.010 [info] Removed views:workbench.explorer.emptyView from workbench.view.explorer
2025-02-08 22:56:36.086 [info] Added views:workbench.explorer.fileView in workbench.view.explorer
2025-02-08 22:56:37.124 [info] Removed views:workbench.panel.repl.view from workbench.panel.repl
2025-02-08 22:56:38.311 [info] Added views:workbench.panel.repl.view in workbench.panel.repl
2025-02-08 22:59:54.953 [info] Removed views:workbench.explorer.fileView from workbench.view.explorer
2025-02-08 22:59:55.000 [info] Added views:workbench.explorer.emptyView in workbench.view.explorer
2025-02-08 22:59:56.255 [info] Removed views:workbench.panel.repl.view from workbench.panel.repl
