2025-02-09 00:53:37.694 [info] [main] Log level: Info
2025-02-09 00:53:37.694 [info] [main] Validating found git in: "git"
2025-02-09 00:53:37.694 [info] [main] Using git "2.48.1" from "git"
2025-02-09 00:53:37.694 [info] [Model][doInitialScan] Initial repository scan started
2025-02-09 00:53:37.694 [info] > git rev-parse --show-toplevel [1010ms]
2025-02-09 00:53:37.694 [info] fatal: not a git repository (or any of the parent directories): .git
2025-02-09 00:53:37.694 [info] > git rev-parse --show-toplevel [134ms]
2025-02-09 00:53:37.694 [info] fatal: not a git repository (or any of the parent directories): .git
2025-02-09 00:53:38.679 [info] > git rev-parse --show-toplevel [69ms]
2025-02-09 00:53:38.679 [info] fatal: not a git repository (or any of the parent directories): .git
2025-02-09 00:53:38.758 [info] > git rev-parse --show-toplevel [44ms]
2025-02-09 00:53:38.758 [info] fatal: not a git repository (or any of the parent directories): .git
2025-02-09 00:53:39.003 [info] > git rev-parse --show-toplevel [149ms]
2025-02-09 00:53:39.003 [info] fatal: not a git repository (or any of the parent directories): .git
2025-02-09 00:53:39.072 [info] > git rev-parse --show-toplevel [5ms]
2025-02-09 00:53:39.072 [info] fatal: not a git repository (or any of the parent directories): .git
2025-02-09 00:53:39.151 [info] > git rev-parse --show-toplevel [2ms]
2025-02-09 00:53:39.152 [info] fatal: not a git repository (or any of the parent directories): .git
2025-02-09 00:53:39.153 [info] [Model][doInitialScan] Initial repository scan completed - repositories (0), closed repositories (0), parent repositories (0), unsafe repositories (0)
2025-02-09 00:53:50.649 [info] > git rev-parse --show-toplevel [55ms]
2025-02-09 00:53:50.650 [info] fatal: not a git repository (or any of the parent directories): .git
