2025-02-09 00:25:16.087 [info] [main] Log level: Info
2025-02-09 00:25:16.087 [info] [main] Validating found git in: "git"
2025-02-09 00:25:16.087 [info] [main] Using git "2.48.1" from "git"
2025-02-09 00:25:16.087 [info] [Model][doInitialScan] Initial repository scan started
2025-02-09 00:25:16.087 [info] [Model][doInitialScan] Initial repository scan completed - repositories (0), closed repositories (0), parent repositories (0), unsafe repositories (0)
2025-02-09 00:25:31.335 [info] [main] Log level: Info
2025-02-09 00:25:31.335 [info] [main] Validating found git in: "git"
2025-02-09 00:25:31.335 [info] [main] Using git "2.48.1" from "git"
2025-02-09 00:25:31.335 [info] [Model][doInitialScan] Initial repository scan started
2025-02-09 00:25:31.335 [info] > git rev-parse --show-toplevel [684ms]
2025-02-09 00:25:31.335 [info] fatal: not a git repository (or any of the parent directories): .git
2025-02-09 00:25:31.896 [info] > git rev-parse --show-toplevel [500ms]
2025-02-09 00:25:31.896 [info] fatal: not a git repository (or any of the parent directories): .git
2025-02-09 00:25:33.152 [info] > git rev-parse --show-toplevel [95ms]
2025-02-09 00:25:33.152 [info] fatal: not a git repository (or any of the parent directories): .git
2025-02-09 00:25:33.374 [info] > git rev-parse --show-toplevel [176ms]
2025-02-09 00:25:33.374 [info] fatal: not a git repository (or any of the parent directories): .git
2025-02-09 00:25:33.881 [info] > git rev-parse --show-toplevel [320ms]
2025-02-09 00:25:33.881 [info] fatal: not a git repository (or any of the parent directories): .git
2025-02-09 00:25:34.217 [info] > git rev-parse --show-toplevel [223ms]
2025-02-09 00:25:34.217 [info] fatal: not a git repository (or any of the parent directories): .git
2025-02-09 00:25:34.251 [info] > git rev-parse --show-toplevel [5ms]
2025-02-09 00:25:34.251 [info] fatal: not a git repository (or any of the parent directories): .git
2025-02-09 00:25:34.262 [info] [Model][doInitialScan] Initial repository scan completed - repositories (0), closed repositories (0), parent repositories (0), unsafe repositories (0)
2025-02-09 00:25:41.333 [info] > git rev-parse --show-toplevel [71ms]
2025-02-09 00:25:41.333 [info] fatal: not a git repository (or any of the parent directories): .git
2025-02-09 00:25:56.580 [info] > git rev-parse --show-toplevel [35ms]
2025-02-09 00:25:56.580 [info] fatal: not a git repository (or any of the parent directories): .git
2025-02-09 00:26:42.999 [info] > git rev-parse --show-toplevel [10ms]
2025-02-09 00:26:42.999 [info] fatal: not a git repository (or any of the parent directories): .git
2025-02-09 00:26:48.162 [info] > git rev-parse --show-toplevel [31ms]
2025-02-09 00:26:48.162 [info] fatal: not a git repository (or any of the parent directories): .git
2025-02-09 00:30:28.395 [info] > git rev-parse --show-toplevel [26ms]
2025-02-09 00:30:28.417 [info] fatal: not a git repository (or any of the parent directories): .git
2025-02-09 00:39:09.191 [info] > git rev-parse --show-toplevel [23ms]
2025-02-09 00:39:09.194 [info] fatal: not a git repository (or any of the parent directories): .git
