2025-02-05 10:04:59.643 [info] [main] Log level: Info
2025-02-05 10:04:59.643 [info] [main] Validating found git in: "git"
2025-02-05 10:04:59.643 [info] [main] Using git "2.48.1" from "git"
2025-02-05 10:04:59.643 [info] [Model][doInitialScan] Initial repository scan started
2025-02-05 10:04:59.643 [info] > git rev-parse --show-toplevel [23ms]
2025-02-05 10:04:59.678 [info] > git rev-parse --git-dir --git-common-dir [13ms]
2025-02-05 10:04:59.740 [info] [Model][openRepository] Opened repository: /home/zaryu/GitHub/Zaryu-Hyde
2025-02-05 10:05:03.994 [info] > git rev-parse --show-toplevel [1049ms]
2025-02-05 10:05:03.998 [info] > git config --get commit.template [1072ms]
2025-02-05 10:05:04.307 [info] > git check-ignore -v -z --stdin [290ms]
2025-02-05 10:05:04.316 [info] > git rev-parse --show-toplevel [127ms]
2025-02-05 10:05:04.723 [info] > git for-each-ref --format=%(refname)%00%(upstream:short)%00%(objectname)%00%(upstream:track)%00%(upstream:remotename)%00%(upstream:remoteref) refs/heads/master refs/remotes/master [435ms]
2025-02-05 10:05:04.992 [info] > git rev-parse --show-toplevel [278ms]
2025-02-05 10:05:05.112 [info] > git status -z -uall [57ms]
2025-02-05 10:05:05.115 [info] > git rev-parse --show-toplevel [97ms]
2025-02-05 10:05:05.172 [info] > git for-each-ref --sort -committerdate --format %(refname) %(objectname) %(*objectname) [68ms]
2025-02-05 10:05:05.293 [info] > git for-each-ref --format=%(refname)%00%(upstream:short)%00%(objectname)%00%(upstream:track)%00%(upstream:remotename)%00%(upstream:remoteref) refs/heads/master refs/remotes/master [58ms]
2025-02-05 10:05:05.328 [info] > git rev-parse --show-toplevel [169ms]
2025-02-05 10:05:05.330 [info] [Model][doInitialScan] Initial repository scan completed - repositories (1), closed repositories (0), parent repositories (0), unsafe repositories (0)
2025-02-05 10:05:05.366 [info] > git config --local branch.master.vscode-merge-base [43ms]
2025-02-05 10:05:05.423 [info] > git config --get commit.template [133ms]
2025-02-05 10:05:05.427 [info] > git for-each-ref --format=%(refname)%00%(upstream:short)%00%(objectname)%00%(upstream:track)%00%(upstream:remotename)%00%(upstream:remoteref) refs/heads/origin/master refs/remotes/origin/master [5ms]
2025-02-05 10:05:05.877 [info] > git merge-base refs/heads/master refs/remotes/origin/master [424ms]
2025-02-05 10:05:06.424 [info] > git diff --name-status -z --diff-filter=ADMR a647ea88480595968a12b8ff0de10cd68adb99ca...refs/remotes/origin/master [524ms]
2025-02-05 10:05:06.452 [info] > git for-each-ref --format=%(refname)%00%(upstream:short)%00%(objectname)%00%(upstream:track)%00%(upstream:remotename)%00%(upstream:remoteref) refs/heads/master refs/remotes/master [582ms]
2025-02-05 10:05:06.474 [info] > git rev-parse --show-toplevel [153ms]
2025-02-05 10:05:07.678 [info] > git status -z -uall [72ms]
2025-02-05 10:05:07.700 [info] > git for-each-ref --sort -committerdate --format %(refname) %(objectname) %(*objectname) [30ms]
2025-02-05 10:05:08.454 [info] > git rev-parse --show-toplevel [35ms]
2025-02-05 10:05:16.032 [info] > git config --get commit.template [10ms]
2025-02-05 10:05:16.152 [info] > git for-each-ref --format=%(refname)%00%(upstream:short)%00%(objectname)%00%(upstream:track)%00%(upstream:remotename)%00%(upstream:remoteref) refs/heads/master refs/remotes/master [9ms]
2025-02-05 10:05:16.240 [info] > git status -z -uall [44ms]
2025-02-05 10:05:16.257 [info] > git for-each-ref --sort -committerdate --format %(refname) %(objectname) %(*objectname) [20ms]
2025-02-05 10:05:17.228 [info] > git rev-parse --show-toplevel [8ms]
2025-02-05 10:06:01.264 [info] > git config --get commit.template [4ms]
2025-02-05 10:06:01.310 [info] > git for-each-ref --format=%(refname)%00%(upstream:short)%00%(objectname)%00%(upstream:track)%00%(upstream:remotename)%00%(upstream:remoteref) refs/heads/master refs/remotes/master [3ms]
2025-02-05 10:06:01.349 [info] > git status -z -uall [20ms]
2025-02-05 10:06:01.352 [info] > git for-each-ref --sort -committerdate --format %(refname) %(objectname) %(*objectname) [6ms]
2025-02-05 10:06:01.884 [info] > git rev-parse --show-toplevel [4ms]
2025-02-05 10:07:25.468 [info] > git check-ignore -v -z --stdin [4ms]
2025-02-05 10:07:37.341 [info] > git config --get commit.template [7ms]
2025-02-05 10:07:37.369 [info] > git for-each-ref --format=%(refname)%00%(upstream:short)%00%(objectname)%00%(upstream:track)%00%(upstream:remotename)%00%(upstream:remoteref) refs/heads/master refs/remotes/master [8ms]
2025-02-05 10:07:37.420 [info] > git status -z -uall [26ms]
2025-02-05 10:07:37.426 [info] > git for-each-ref --sort -committerdate --format %(refname) %(objectname) %(*objectname) [13ms]
2025-02-05 10:07:37.978 [info] > git rev-parse --show-toplevel [5ms]
2025-02-05 10:09:53.971 [info] > git config --get commit.template [24ms]
2025-02-05 10:09:53.973 [info] > git for-each-ref --format=%(refname)%00%(upstream:short)%00%(objectname)%00%(upstream:track)%00%(upstream:remotename)%00%(upstream:remoteref) refs/heads/master refs/remotes/master [8ms]
2025-02-05 10:09:54.024 [info] > git status -z -uall [33ms]
2025-02-05 10:09:54.025 [info] > git for-each-ref --sort -committerdate --format %(refname) %(objectname) %(*objectname) [11ms]
2025-02-05 10:09:54.077 [info] > git merge-base refs/heads/master refs/remotes/origin/master [8ms]
2025-02-05 10:09:54.104 [info] > git diff --name-status -z --diff-filter=ADMR c824e9b2abb543c99c86be739046ccdd17797394...refs/remotes/origin/master [9ms]
2025-02-05 10:09:54.562 [info] > git rev-parse --show-toplevel [3ms]
2025-02-05 10:10:30.876 [info] > git config --get commit.template [5ms]
2025-02-05 10:10:30.900 [info] > git for-each-ref --format=%(refname)%00%(upstream:short)%00%(objectname)%00%(upstream:track)%00%(upstream:remotename)%00%(upstream:remoteref) refs/heads/master refs/remotes/master [4ms]
2025-02-05 10:10:30.941 [info] > git status -z -uall [22ms]
2025-02-05 10:10:30.947 [info] > git for-each-ref --sort -committerdate --format %(refname) %(objectname) %(*objectname) [7ms]
2025-02-05 10:10:31.481 [info] > git rev-parse --show-toplevel [4ms]
2025-02-05 10:11:35.361 [info] > git check-ignore -v -z --stdin [5ms]
2025-02-05 10:11:36.080 [info] > git check-ignore -v -z --stdin [3ms]
2025-02-05 10:19:32.249 [info] > git config --get commit.template [24ms]
2025-02-05 10:19:32.272 [info] > git for-each-ref --format=%(refname)%00%(upstream:short)%00%(objectname)%00%(upstream:track)%00%(upstream:remotename)%00%(upstream:remoteref) refs/heads/master refs/remotes/master [26ms]
2025-02-05 10:19:32.313 [info] > git status -z -uall [20ms]
2025-02-05 10:19:32.316 [info] > git for-each-ref --sort -committerdate --format %(refname) %(objectname) %(*objectname) [5ms]
2025-02-05 10:19:32.352 [info] > git merge-base refs/heads/master refs/remotes/origin/master [7ms]
2025-02-05 10:19:32.379 [info] > git diff --name-status -z --diff-filter=ADMR a9f0d410921acff108769760e7c04ee1fffcc66b...refs/remotes/origin/master [5ms]
2025-02-05 10:19:32.848 [info] > git rev-parse --show-toplevel [5ms]
2025-02-05 10:20:51.162 [info] > git check-ignore -v -z --stdin [3ms]
2025-02-05 10:20:55.590 [info] > git config --get commit.template [22ms]
2025-02-05 10:20:55.594 [info] > git for-each-ref --format=%(refname)%00%(upstream:short)%00%(objectname)%00%(upstream:track)%00%(upstream:remotename)%00%(upstream:remoteref) refs/heads/master refs/remotes/master [8ms]
2025-02-05 10:20:55.636 [info] > git status -z -uall [23ms]
2025-02-05 10:20:55.644 [info] > git for-each-ref --sort -committerdate --format %(refname) %(objectname) %(*objectname) [8ms]
2025-02-05 10:20:55.678 [info] > git merge-base refs/heads/master refs/remotes/origin/master [8ms]
2025-02-05 10:20:55.705 [info] > git diff --name-status -z --diff-filter=ADMR 0e03856dd08a2a71b200c1aa216c925c6bb4c5fc...refs/remotes/origin/master [7ms]
2025-02-05 10:20:56.175 [info] > git rev-parse --show-toplevel [4ms]
