2025-02-08 22:56:03.510 [info] Reading sessions from keychain...
2025-02-08 22:56:03.510 [info] Getting sessions for all scopes...
2025-02-08 22:56:03.510 [info] Getting sessions for all scopes...
2025-02-08 22:56:03.510 [info] Got stored sessions!
2025-02-08 22:56:03.510 [info] Got 2 verified sessions.
2025-02-08 22:56:03.510 [info] Got 2 sessions for ...
2025-02-08 22:56:03.510 [info] Got 2 sessions for ...
2025-02-08 22:56:03.524 [info] Getting sessions for read:user,repo,user:email,workflow...
2025-02-08 22:56:03.525 [info] Got 1 sessions for read:user,repo,user:email,workflow...
2025-02-08 22:56:04.467 [info] Getting sessions for read:user,repo,user:email,workflow...
2025-02-08 22:56:04.467 [info] Got 1 sessions for read:user,repo,user:email,workflow...
2025-02-08 22:56:05.187 [info] Getting sessions for read:user,repo,user:email,workflow...
2025-02-08 22:56:05.188 [info] Got 1 sessions for read:user,repo,user:email,workflow...
2025-02-08 22:56:18.106 [info] Reading sessions from keychain...
2025-02-08 22:56:18.106 [info] Getting sessions for all scopes...
2025-02-08 22:56:18.106 [info] Getting sessions for all scopes...
2025-02-08 22:56:18.106 [info] Got stored sessions!
2025-02-08 22:56:18.106 [info] Got 2 verified sessions.
2025-02-08 22:56:18.106 [info] Got 2 sessions for ...
2025-02-08 22:56:18.106 [info] Got 2 sessions for ...
2025-02-08 22:56:41.928 [info] Reading sessions from keychain...
2025-02-08 22:56:41.928 [info] Getting sessions for all scopes...
2025-02-08 22:56:41.928 [info] Getting sessions for all scopes...
2025-02-08 22:56:41.928 [info] Got stored sessions!
2025-02-08 22:56:41.928 [info] Got 2 verified sessions.
2025-02-08 22:56:41.928 [info] Got 2 sessions for ...
2025-02-08 22:56:41.928 [info] Got 2 sessions for ...
