2025-02-05 14:03:53.328 [info] [main] Log level: Info
2025-02-05 14:03:53.328 [info] [main] Validating found git in: "git"
2025-02-05 14:03:53.328 [info] [main] Using git "2.48.1" from "git"
2025-02-05 14:03:53.328 [info] [Model][doInitialScan] Initial repository scan started
2025-02-05 14:03:53.328 [info] > git rev-parse --show-toplevel [25ms]
2025-02-05 14:03:53.328 [info] > git rev-parse --git-dir --git-common-dir [3ms]
2025-02-05 14:03:53.328 [info] [Model][openRepository] Opened repository: /home/zaryu/GitHub/Zaryu-Hyde
2025-02-05 14:03:53.328 [info] > git rev-parse --show-toplevel [10ms]
2025-02-05 14:03:53.328 [info] > git config --get commit.template [63ms]
2025-02-05 14:03:53.328 [info] > git rev-parse --show-toplevel [61ms]
2025-02-05 14:03:53.328 [info] > git rev-parse --show-toplevel [18ms]
2025-02-05 14:03:53.328 [info] > git for-each-ref --format=%(refname)%00%(upstream:short)%00%(objectname)%00%(upstream:track)%00%(upstream:remotename)%00%(upstream:remoteref) refs/heads/master refs/remotes/master [56ms]
2025-02-05 14:03:53.351 [info] > git rev-parse --show-toplevel [8ms]
2025-02-05 14:03:53.409 [info] > git for-each-ref --sort -committerdate --format %(refname) %(objectname) %(*objectname) [19ms]
2025-02-05 14:03:56.162 [info] > git status -z -uall [2791ms]
2025-02-05 14:03:56.205 [info] > git rev-parse --show-toplevel [2802ms]
2025-02-05 14:03:56.207 [info] [Model][doInitialScan] Initial repository scan completed - repositories (1), closed repositories (0), parent repositories (0), unsafe repositories (0)
2025-02-05 14:03:56.990 [info] > git for-each-ref --format=%(refname)%00%(upstream:short)%00%(objectname)%00%(upstream:track)%00%(upstream:remotename)%00%(upstream:remoteref) refs/heads/master refs/remotes/master [793ms]
2025-02-05 14:03:57.181 [info] > git check-ignore -v -z --stdin [153ms]
2025-02-05 14:03:57.184 [info] > git config --local branch.master.vscode-merge-base [176ms]
2025-02-05 14:03:57.202 [info] > git config --get commit.template [218ms]
2025-02-05 14:03:57.401 [info] > git for-each-ref --format=%(refname)%00%(upstream:short)%00%(objectname)%00%(upstream:track)%00%(upstream:remotename)%00%(upstream:remoteref) refs/heads/origin/master refs/remotes/origin/master [199ms]
2025-02-05 14:03:57.450 [info] > git rev-parse --show-toplevel [277ms]
2025-02-05 14:03:57.683 [info] > git merge-base refs/heads/master refs/remotes/origin/master [265ms]
2025-02-05 14:03:57.843 [info] > git diff --name-status -z --diff-filter=ADMR dbc8b24d3e40dcf86bfed947c1b43c4c9a78520f...refs/remotes/origin/master [142ms]
2025-02-05 14:03:57.859 [info] > git for-each-ref --format=%(refname)%00%(upstream:short)%00%(objectname)%00%(upstream:track)%00%(upstream:remotename)%00%(upstream:remoteref) refs/heads/master refs/remotes/master [175ms]
2025-02-05 14:03:58.001 [info] > git status -z -uall [77ms]
2025-02-05 14:03:58.008 [info] > git for-each-ref --sort -committerdate --format %(refname) %(objectname) %(*objectname) [40ms]
2025-02-05 14:03:58.955 [info] > git rev-parse --show-toplevel [3ms]
2025-02-05 14:05:01.771 [info] > git check-ignore -v -z --stdin [30ms]
2025-02-05 14:57:48.805 [info] > git config --get commit.template [22ms]
2025-02-05 14:57:48.830 [info] > git for-each-ref --format=%(refname)%00%(upstream:short)%00%(objectname)%00%(upstream:track)%00%(upstream:remotename)%00%(upstream:remoteref) refs/heads/master refs/remotes/master [31ms]
2025-02-05 14:57:48.883 [info] > git status -z -uall [33ms]
2025-02-05 14:57:48.887 [info] > git for-each-ref --sort -committerdate --format %(refname) %(objectname) %(*objectname) [11ms]
2025-02-05 14:57:49.417 [info] > git rev-parse --show-toplevel [4ms]
