2025-02-05 11:01:39.667 [info] [main] Log level: Info
2025-02-05 11:01:39.667 [info] [main] Validating found git in: "git"
2025-02-05 11:01:39.667 [info] [main] Using git "2.48.1" from "git"
2025-02-05 11:01:39.667 [info] [Model][doInitialScan] Initial repository scan started
2025-02-05 11:01:39.667 [info] > git rev-parse --show-toplevel [15ms]
2025-02-05 11:01:39.667 [info] > git rev-parse --git-dir --git-common-dir [4ms]
2025-02-05 11:01:39.667 [info] [Model][openRepository] Opened repository: /home/zaryu/GitHub/Zaryu-Hyde
2025-02-05 11:01:39.667 [info] > git rev-parse --show-toplevel [32ms]
2025-02-05 11:01:39.667 [info] > git config --get commit.template [49ms]
2025-02-05 11:01:39.667 [info] > git rev-parse --show-toplevel [30ms]
2025-02-05 11:01:39.667 [info] > git rev-parse --show-toplevel [7ms]
2025-02-05 11:01:39.667 [info] > git for-each-ref --format=%(refname)%00%(upstream:short)%00%(objectname)%00%(upstream:track)%00%(upstream:remotename)%00%(upstream:remoteref) refs/heads/master refs/remotes/master [34ms]
2025-02-05 11:01:39.670 [info] > git rev-parse --show-toplevel [6ms]
2025-02-05 11:01:39.728 [info] > git rev-parse --show-toplevel [41ms]
2025-02-05 11:01:39.730 [info] [Model][doInitialScan] Initial repository scan completed - repositories (1), closed repositories (0), parent repositories (0), unsafe repositories (0)
2025-02-05 11:01:39.749 [info] > git for-each-ref --sort -committerdate --format %(refname) %(objectname) %(*objectname) [27ms]
2025-02-05 11:01:39.754 [info] > git status -z -uall [51ms]
2025-02-05 11:01:42.648 [info] > git for-each-ref --format=%(refname)%00%(upstream:short)%00%(objectname)%00%(upstream:track)%00%(upstream:remotename)%00%(upstream:remoteref) refs/heads/master refs/remotes/master [2856ms]
2025-02-05 11:01:43.653 [info] > git config --local branch.master.vscode-merge-base [989ms]
2025-02-05 11:01:43.673 [info] > git config --get commit.template [1028ms]
2025-02-05 11:01:43.714 [info] > git for-each-ref --format=%(refname)%00%(upstream:short)%00%(objectname)%00%(upstream:track)%00%(upstream:remotename)%00%(upstream:remoteref) refs/heads/origin/master refs/remotes/origin/master [43ms]
2025-02-05 11:01:43.766 [info] > git rev-parse --show-toplevel [119ms]
2025-02-05 11:01:43.792 [info] > git merge-base refs/heads/master refs/remotes/origin/master [59ms]
2025-02-05 11:01:43.815 [info] > git for-each-ref --format=%(refname)%00%(upstream:short)%00%(objectname)%00%(upstream:track)%00%(upstream:remotename)%00%(upstream:remoteref) refs/heads/master refs/remotes/master [28ms]
2025-02-05 11:01:44.157 [info] > git diff --name-status -z --diff-filter=ADMR 67cb80097e5ffb1f371c5cc350c6d7f0d1958f53...refs/remotes/origin/master [348ms]
2025-02-05 11:01:44.290 [info] > git check-ignore -v -z --stdin [15ms]
2025-02-05 11:01:44.338 [info] > git status -z -uall [25ms]
2025-02-05 11:01:44.342 [info] > git for-each-ref --sort -committerdate --format %(refname) %(objectname) %(*objectname) [12ms]
2025-02-05 11:01:45.289 [info] > git rev-parse --show-toplevel [70ms]
2025-02-05 11:02:13.370 [info] > git check-ignore -v -z --stdin [13ms]
2025-02-05 11:02:55.486 [info] > git config --get commit.template [26ms]
2025-02-05 11:02:55.492 [info] > git for-each-ref --format=%(refname)%00%(upstream:short)%00%(objectname)%00%(upstream:track)%00%(upstream:remotename)%00%(upstream:remoteref) refs/heads/master refs/remotes/master [12ms]
2025-02-05 11:02:55.544 [info] > git status -z -uall [30ms]
2025-02-05 11:02:55.549 [info] > git for-each-ref --sort -committerdate --format %(refname) %(objectname) %(*objectname) [8ms]
2025-02-05 11:02:55.595 [info] > git merge-base refs/heads/master refs/remotes/origin/master [11ms]
2025-02-05 11:02:55.620 [info] > git diff --name-status -z --diff-filter=ADMR 42028eaa280ae2fc7fdd4ed886d16b70bd5aea4b...refs/remotes/origin/master [5ms]
2025-02-05 11:02:56.122 [info] > git rev-parse --show-toplevel [42ms]
2025-02-05 11:03:37.845 [info] > git config --get commit.template [22ms]
2025-02-05 11:03:37.847 [info] > git for-each-ref --format=%(refname)%00%(upstream:short)%00%(objectname)%00%(upstream:track)%00%(upstream:remotename)%00%(upstream:remoteref) refs/heads/master refs/remotes/master [5ms]
2025-02-05 11:03:37.890 [info] > git status -z -uall [25ms]
2025-02-05 11:03:37.895 [info] > git for-each-ref --sort -committerdate --format %(refname) %(objectname) %(*objectname) [6ms]
2025-02-05 11:03:38.426 [info] > git rev-parse --show-toplevel [4ms]
2025-02-05 11:03:41.630 [info] > git check-ignore -v -z --stdin [30ms]
2025-02-05 11:03:44.298 [info] > git show --textconv :Scripts/install.sh [37ms]
2025-02-05 11:03:44.314 [info] > git ls-files --stage -- /home/zaryu/GitHub/Zaryu-Hyde/Scripts/install.sh [17ms]
2025-02-05 11:03:44.361 [info] > git cat-file -s 2f70bbbd4cc45e16d00a224825b894f5022660d7 [10ms]
2025-02-05 11:04:17.011 [info] > git show --textconv :Scripts/install_aur.sh [23ms]
2025-02-05 11:04:17.019 [info] > git ls-files --stage -- /home/zaryu/GitHub/Zaryu-Hyde/Scripts/install_aur.sh [11ms]
2025-02-05 11:04:17.040 [info] > git cat-file -s 2b9168c2df2f7f3d124a524e89ad645722326caa [4ms]
2025-02-05 11:04:26.284 [info] > git show --textconv :Scripts/install_pkg.sh [39ms]
2025-02-05 11:04:26.291 [info] > git ls-files --stage -- /home/zaryu/GitHub/Zaryu-Hyde/Scripts/install_pkg.sh [9ms]
2025-02-05 11:04:26.333 [info] > git cat-file -s 0caf7385433713345b4b5cc6eac5dece136fd66e [8ms]
2025-02-05 11:04:37.375 [info] > git ls-files --stage -- /home/zaryu/GitHub/Zaryu-Hyde/Scripts/install_pre.sh [6ms]
2025-02-05 11:04:37.396 [info] > git show --textconv :Scripts/install_pre.sh [53ms]
2025-02-05 11:04:37.402 [info] > git cat-file -s 374437f20b8d86f7fb3072810fcf23863f90d68f [8ms]
2025-02-05 11:05:38.096 [info] > git config --get commit.template [28ms]
2025-02-05 11:05:38.138 [info] > git for-each-ref --format=%(refname)%00%(upstream:short)%00%(objectname)%00%(upstream:track)%00%(upstream:remotename)%00%(upstream:remoteref) refs/heads/master refs/remotes/master [49ms]
2025-02-05 11:05:38.144 [info] > git ls-files --stage -- /home/zaryu/GitHub/Zaryu-Hyde/Scripts/install_pre.sh [14ms]
2025-02-05 11:05:38.235 [info] > git status -z -uall [31ms]
2025-02-05 11:05:38.238 [info] > git cat-file -s fcd6f00ef59a6e5c9785bfb0d31c1041111378a7 [73ms]
2025-02-05 11:05:38.244 [info] > git for-each-ref --sort -committerdate --format %(refname) %(objectname) %(*objectname) [12ms]
2025-02-05 11:05:38.318 [info] > git show --textconv :Scripts/install_pre.sh [6ms]
2025-02-05 11:05:38.319 [info] > git merge-base refs/heads/master refs/remotes/origin/master [37ms]
2025-02-05 11:05:38.364 [info] > git diff --name-status -z --diff-filter=ADMR 77c88181070c7cec89237d48db2b4ce13bc34175...refs/remotes/origin/master [8ms]
2025-02-05 11:05:38.778 [info] > git rev-parse --show-toplevel [4ms]
2025-02-05 11:05:43.335 [info] > git config --get commit.template [22ms]
2025-02-05 11:05:43.339 [info] > git for-each-ref --format=%(refname)%00%(upstream:short)%00%(objectname)%00%(upstream:track)%00%(upstream:remotename)%00%(upstream:remoteref) refs/heads/master refs/remotes/master [7ms]
2025-02-05 11:05:43.380 [info] > git status -z -uall [22ms]
2025-02-05 11:05:43.384 [info] > git for-each-ref --sort -committerdate --format %(refname) %(objectname) %(*objectname) [6ms]
2025-02-05 11:05:43.913 [info] > git rev-parse --show-toplevel [3ms]
2025-02-05 11:06:26.237 [info] > git show --textconv :Scripts/install_pst.sh [35ms]
2025-02-05 11:06:26.238 [info] > git ls-files --stage -- /home/zaryu/GitHub/Zaryu-Hyde/Scripts/install_pst.sh [14ms]
2025-02-05 11:06:26.261 [info] > git cat-file -s 4af72bb8cffbc2ae2bed6a6adeee910e12424e03 [6ms]
2025-02-05 11:06:56.615 [info] > git config --get commit.template [9ms]
2025-02-05 11:06:56.684 [info] > git for-each-ref --format=%(refname)%00%(upstream:short)%00%(objectname)%00%(upstream:track)%00%(upstream:remotename)%00%(upstream:remoteref) refs/heads/master refs/remotes/master [30ms]
2025-02-05 11:06:56.755 [info] > git for-each-ref --sort -committerdate --format %(refname) %(objectname) %(*objectname) [6ms]
2025-02-05 11:06:56.775 [info] > git status -z -uall [52ms]
2025-02-05 11:06:57.330 [info] > git rev-parse --show-toplevel [8ms]
2025-02-05 11:07:16.695 [info] > git config --get commit.template [50ms]
2025-02-05 11:07:16.699 [info] > git ls-files --stage -- /home/zaryu/GitHub/Zaryu-Hyde/Scripts/install_pst.sh [8ms]
2025-02-05 11:07:16.741 [info] > git cat-file -s 9d6c5bd841a6e8c6cfd7c39adfc9965b4ab57f98 [23ms]
2025-02-05 11:07:16.748 [info] > git for-each-ref --format=%(refname)%00%(upstream:short)%00%(objectname)%00%(upstream:track)%00%(upstream:remotename)%00%(upstream:remoteref) refs/heads/master refs/remotes/master [10ms]
2025-02-05 11:07:16.804 [info] > git status -z -uall [31ms]
2025-02-05 11:07:16.808 [info] > git for-each-ref --sort -committerdate --format %(refname) %(objectname) %(*objectname) [17ms]
2025-02-05 11:07:16.847 [info] > git merge-base refs/heads/master refs/remotes/origin/master [6ms]
2025-02-05 11:07:16.896 [info] > git diff --name-status -z --diff-filter=ADMR b1ca56b65a09b8fea3c6f02d4f6c913928873725...refs/remotes/origin/master [24ms]
2025-02-05 11:07:16.899 [info] > git show --textconv :Scripts/install_pst.sh [9ms]
2025-02-05 11:07:17.344 [info] > git rev-parse --show-toplevel [3ms]
2025-02-05 11:07:33.568 [info] > git config --get commit.template [26ms]
2025-02-05 11:07:33.570 [info] > git for-each-ref --format=%(refname)%00%(upstream:short)%00%(objectname)%00%(upstream:track)%00%(upstream:remotename)%00%(upstream:remoteref) refs/heads/master refs/remotes/master [6ms]
2025-02-05 11:07:33.617 [info] > git status -z -uall [26ms]
2025-02-05 11:07:33.623 [info] > git for-each-ref --sort -committerdate --format %(refname) %(objectname) %(*objectname) [10ms]
2025-02-05 11:07:34.159 [info] > git rev-parse --show-toplevel [3ms]
2025-02-05 11:07:36.089 [info] > git show --textconv :Scripts/install.sh [31ms]
2025-02-05 11:07:36.102 [info] > git ls-files --stage -- /home/zaryu/GitHub/Zaryu-Hyde/Scripts/install.sh [15ms]
2025-02-05 11:07:36.128 [info] > git cat-file -s 2f70bbbd4cc45e16d00a224825b894f5022660d7 [8ms]
2025-02-05 11:07:42.920 [info] > git show --textconv :Scripts/install_pkg.sh [22ms]
2025-02-05 11:07:42.927 [info] > git ls-files --stage -- /home/zaryu/GitHub/Zaryu-Hyde/Scripts/install_pkg.sh [7ms]
2025-02-05 11:07:42.953 [info] > git cat-file -s 0caf7385433713345b4b5cc6eac5dece136fd66e [9ms]
2025-02-05 11:07:45.068 [info] > git ls-files --stage -- /home/zaryu/GitHub/Zaryu-Hyde/Scripts/pkg_extra.lst [6ms]
2025-02-05 11:07:45.089 [info] > git show --textconv :Scripts/pkg_extra.lst [48ms]
2025-02-05 11:07:45.101 [info] > git cat-file -s a178077cec3a5f7080a843797cf0e0705d747968 [16ms]
2025-02-05 11:08:43.979 [info] > git ls-files --stage -- /home/zaryu/GitHub/Zaryu-Hyde/Scripts/pkg_core.lst [5ms]
2025-02-05 11:08:44.006 [info] > git show --textconv :Scripts/pkg_core.lst [54ms]
2025-02-05 11:08:44.007 [info] > git cat-file -s 8b8021c3f3529b1951ba3bba16c407c92673f387 [10ms]
2025-02-05 11:08:45.032 [info] > git show --textconv :Scripts/pkg_extra.lst [26ms]
2025-02-05 11:08:45.044 [info] > git ls-files --stage -- /home/zaryu/GitHub/Zaryu-Hyde/Scripts/pkg_extra.lst [16ms]
2025-02-05 11:08:45.065 [info] > git cat-file -s a178077cec3a5f7080a843797cf0e0705d747968 [5ms]
2025-02-05 11:11:43.228 [info] > git config --get commit.template [25ms]
2025-02-05 11:11:43.250 [info] > git ls-files --stage -- /home/zaryu/GitHub/Zaryu-Hyde/Scripts/pkg_extra.lst [25ms]
2025-02-05 11:11:43.275 [info] > git for-each-ref --format=%(refname)%00%(upstream:short)%00%(objectname)%00%(upstream:track)%00%(upstream:remotename)%00%(upstream:remoteref) refs/heads/master refs/remotes/master [30ms]
2025-02-05 11:11:43.280 [info] > git cat-file -s a178077cec3a5f7080a843797cf0e0705d747968 [8ms]
2025-02-05 11:11:43.324 [info] > git status -z -uall [23ms]
2025-02-05 11:11:43.328 [info] > git for-each-ref --sort -committerdate --format %(refname) %(objectname) %(*objectname) [7ms]
2025-02-05 11:11:43.435 [info] > git merge-base refs/heads/master refs/remotes/origin/master [69ms]
2025-02-05 11:11:43.494 [info] > git show --textconv :Scripts/pkg_extra.lst [65ms]
2025-02-05 11:11:43.499 [info] > git diff --name-status -z --diff-filter=ADMR 9703e9a5fb05ea541a02f52f43e097143dcfc92b...refs/remotes/origin/master [20ms]
2025-02-05 11:11:43.866 [info] > git rev-parse --show-toplevel [6ms]
2025-02-05 11:12:01.763 [info] > git config --get commit.template [5ms]
2025-02-05 11:12:01.786 [info] > git for-each-ref --format=%(refname)%00%(upstream:short)%00%(objectname)%00%(upstream:track)%00%(upstream:remotename)%00%(upstream:remoteref) refs/heads/master refs/remotes/master [6ms]
2025-02-05 11:12:01.828 [info] > git status -z -uall [22ms]
2025-02-05 11:12:01.835 [info] > git for-each-ref --sort -committerdate --format %(refname) %(objectname) %(*objectname) [8ms]
2025-02-05 11:12:02.371 [info] > git rev-parse --show-toplevel [3ms]
2025-02-05 11:12:09.316 [info] > git show --textconv :Scripts/pkg_core.lst [23ms]
2025-02-05 11:12:09.319 [info] > git ls-files --stage -- /home/zaryu/GitHub/Zaryu-Hyde/Scripts/pkg_core.lst [7ms]
2025-02-05 11:12:09.344 [info] > git cat-file -s 8b8021c3f3529b1951ba3bba16c407c92673f387 [8ms]
2025-02-05 11:12:10.633 [info] > git show --textconv :Scripts/pkg_extra.lst [25ms]
2025-02-05 11:12:10.633 [info] > git ls-files --stage -- /home/zaryu/GitHub/Zaryu-Hyde/Scripts/pkg_extra.lst [6ms]
2025-02-05 11:12:10.668 [info] > git cat-file -s a178077cec3a5f7080a843797cf0e0705d747968 [16ms]
2025-02-05 11:12:25.817 [info] > git check-ignore -v -z --stdin [3ms]
2025-02-05 11:12:33.231 [info] > git check-ignore -v -z --stdin [5ms]
2025-02-05 11:12:51.847 [info] > git config --get commit.template [31ms]
2025-02-05 11:12:51.876 [info] > git for-each-ref --format=%(refname)%00%(upstream:short)%00%(objectname)%00%(upstream:track)%00%(upstream:remotename)%00%(upstream:remoteref) refs/heads/master refs/remotes/master [7ms]
2025-02-05 11:12:51.879 [info] > git ls-files --stage -- /home/zaryu/GitHub/Zaryu-Hyde/Scripts/pkg_extra.lst [33ms]
2025-02-05 11:12:51.950 [info] > git cat-file -s a178077cec3a5f7080a843797cf0e0705d747968 [52ms]
2025-02-05 11:12:51.952 [info] > git status -z -uall [30ms]
2025-02-05 11:12:51.956 [info] > git for-each-ref --sort -committerdate --format %(refname) %(objectname) %(*objectname) [7ms]
2025-02-05 11:12:51.990 [info] > git merge-base refs/heads/master refs/remotes/origin/master [6ms]
2025-02-05 11:12:52.045 [info] > git show --textconv :Scripts/pkg_extra.lst [9ms]
2025-02-05 11:12:52.048 [info] > git diff --name-status -z --diff-filter=ADMR 99a0135cdccdfca3a238d2ab0ced86a517e11ace...refs/remotes/origin/master [35ms]
2025-02-05 11:12:52.491 [info] > git rev-parse --show-toplevel [3ms]
2025-02-05 11:13:42.287 [info] > git config --get commit.template [5ms]
2025-02-05 11:13:42.309 [info] > git for-each-ref --format=%(refname)%00%(upstream:short)%00%(objectname)%00%(upstream:track)%00%(upstream:remotename)%00%(upstream:remoteref) refs/heads/master refs/remotes/master [5ms]
2025-02-05 11:13:42.350 [info] > git status -z -uall [21ms]
2025-02-05 11:13:42.354 [info] > git for-each-ref --sort -committerdate --format %(refname) %(objectname) %(*objectname) [6ms]
2025-02-05 11:13:42.890 [info] > git rev-parse --show-toplevel [7ms]
2025-02-05 11:13:46.800 [info] > git show --textconv :Scripts/restore_cfg.lst [26ms]
2025-02-05 11:13:46.801 [info] > git ls-files --stage -- /home/zaryu/GitHub/Zaryu-Hyde/Scripts/restore_cfg.lst [10ms]
2025-02-05 11:13:46.831 [info] > git cat-file -s 17836e0d4d7d400c5572b27ace97c947771469f8 [13ms]
2025-02-05 11:13:51.062 [info] > git show --textconv :Scripts/restore_cfg.psv [25ms]
2025-02-05 11:13:51.063 [info] > git ls-files --stage -- /home/zaryu/GitHub/Zaryu-Hyde/Scripts/restore_cfg.psv [7ms]
2025-02-05 11:13:51.087 [info] > git cat-file -s 285b1dda2609e54643e45313dc9e03011de0d21e [7ms]
2025-02-05 11:14:01.498 [info] > git show --textconv :Scripts/restore_cfg.lst [27ms]
2025-02-05 11:14:01.499 [info] > git ls-files --stage -- /home/zaryu/GitHub/Zaryu-Hyde/Scripts/restore_cfg.lst [7ms]
2025-02-05 11:14:01.528 [info] > git cat-file -s 17836e0d4d7d400c5572b27ace97c947771469f8 [11ms]
2025-02-05 11:14:23.673 [info] > git show --textconv :Scripts/restore_cfg.psv [26ms]
2025-02-05 11:14:23.674 [info] > git ls-files --stage -- /home/zaryu/GitHub/Zaryu-Hyde/Scripts/restore_cfg.psv [6ms]
2025-02-05 11:14:23.702 [info] > git cat-file -s 285b1dda2609e54643e45313dc9e03011de0d21e [12ms]
2025-02-05 11:15:12.715 [info] > git blame --root --incremental 99a0135cdccdfca3a238d2ab0ced86a517e11ace -- /home/zaryu/GitHub/Zaryu-Hyde/Scripts/restore_cfg.psv [120ms]
2025-02-05 11:15:30.711 [info] > git config --get commit.template [35ms]
2025-02-05 11:15:30.739 [info] > git ls-files --stage -- /home/zaryu/GitHub/Zaryu-Hyde/Scripts/restore_cfg.psv [33ms]
2025-02-05 11:15:30.762 [info] > git for-each-ref --format=%(refname)%00%(upstream:short)%00%(objectname)%00%(upstream:track)%00%(upstream:remotename)%00%(upstream:remoteref) refs/heads/master refs/remotes/master [29ms]
2025-02-05 11:15:30.765 [info] > git cat-file -s 3718973956455fb48b2bbbcebd9a4c8f9b6a93fe [6ms]
2025-02-05 11:15:30.803 [info] > git status -z -uall [20ms]
2025-02-05 11:15:30.807 [info] > git for-each-ref --sort -committerdate --format %(refname) %(objectname) %(*objectname) [6ms]
2025-02-05 11:15:30.895 [info] > git merge-base refs/heads/master refs/remotes/origin/master [14ms]
2025-02-05 11:15:30.915 [info] > git blame --root --incremental 60c501cb054b7247a20481fc07fdf8d3ea8ef383 -- /home/zaryu/GitHub/Zaryu-Hyde/Scripts/restore_cfg.psv [64ms]
2025-02-05 11:15:30.947 [info] > git show --textconv :Scripts/restore_cfg.psv [7ms]
2025-02-05 11:15:30.949 [info] > git diff --name-status -z --diff-filter=ADMR 60c501cb054b7247a20481fc07fdf8d3ea8ef383...refs/remotes/origin/master [35ms]
2025-02-05 11:15:31.348 [info] > git rev-parse --show-toplevel [7ms]
2025-02-05 11:17:26.861 [info] > git config --get commit.template [5ms]
2025-02-05 11:17:26.906 [info] > git ls-files --stage -- /home/zaryu/GitHub/Zaryu-Hyde/Scripts/restore_cfg.psv [24ms]
2025-02-05 11:17:26.926 [info] > git for-each-ref --format=%(refname)%00%(upstream:short)%00%(objectname)%00%(upstream:track)%00%(upstream:remotename)%00%(upstream:remoteref) refs/heads/master refs/remotes/master [22ms]
2025-02-05 11:17:26.973 [info] > git cat-file -s 3718973956455fb48b2bbbcebd9a4c8f9b6a93fe [48ms]
2025-02-05 11:17:26.975 [info] > git status -z -uall [27ms]
2025-02-05 11:17:26.978 [info] > git for-each-ref --sort -committerdate --format %(refname) %(objectname) %(*objectname) [8ms]
2025-02-05 11:17:27.085 [info] > git show --textconv :Scripts/restore_cfg.psv [21ms]
2025-02-05 11:17:27.088 [info] > git merge-base refs/heads/master refs/remotes/origin/master [53ms]
2025-02-05 11:17:27.113 [info] > git blame --root --incremental 62b64fd7079a1eb47e38019c6ab19c2fa98a62eb -- /home/zaryu/GitHub/Zaryu-Hyde/Scripts/restore_cfg.psv [105ms]
2025-02-05 11:17:27.120 [info] > git diff --name-status -z --diff-filter=ADMR 62b64fd7079a1eb47e38019c6ab19c2fa98a62eb...refs/remotes/origin/master [9ms]
2025-02-05 11:17:27.510 [info] > git rev-parse --show-toplevel [3ms]
2025-02-05 11:19:28.584 [info] > git config --get commit.template [30ms]
2025-02-05 11:19:28.588 [info] > git ls-files --stage -- /home/zaryu/GitHub/Zaryu-Hyde/Scripts/restore_cfg.psv [6ms]
2025-02-05 11:19:28.625 [info] > git cat-file -s 3718973956455fb48b2bbbcebd9a4c8f9b6a93fe [19ms]
2025-02-05 11:19:28.629 [info] > git for-each-ref --format=%(refname)%00%(upstream:short)%00%(objectname)%00%(upstream:track)%00%(upstream:remotename)%00%(upstream:remoteref) refs/heads/master refs/remotes/master [5ms]
2025-02-05 11:19:28.690 [info] > git status -z -uall [40ms]
2025-02-05 11:19:28.690 [info] > git for-each-ref --sort -committerdate --format %(refname) %(objectname) %(*objectname) [22ms]
2025-02-05 11:19:28.752 [info] > git show --textconv :Scripts/restore_cfg.psv [65ms]
2025-02-05 11:19:28.754 [info] > git merge-base refs/heads/master refs/remotes/origin/master [12ms]
2025-02-05 11:19:28.778 [info] > git blame --root --incremental f998901b9c7e160a5391a1be4525e271fa7a47a0 -- /home/zaryu/GitHub/Zaryu-Hyde/Scripts/restore_cfg.psv [59ms]
2025-02-05 11:19:28.798 [info] > git diff --name-status -z --diff-filter=ADMR f998901b9c7e160a5391a1be4525e271fa7a47a0...refs/remotes/origin/master [20ms]
2025-02-05 11:19:29.220 [info] > git rev-parse --show-toplevel [3ms]
2025-02-05 11:22:13.692 [info] > git config --get commit.template [4ms]
2025-02-05 11:22:13.737 [info] > git ls-files --stage -- /home/zaryu/GitHub/Zaryu-Hyde/Scripts/restore_cfg.psv [24ms]
2025-02-05 11:22:13.759 [info] > git for-each-ref --format=%(refname)%00%(upstream:short)%00%(objectname)%00%(upstream:track)%00%(upstream:remotename)%00%(upstream:remoteref) refs/heads/master refs/remotes/master [26ms]
2025-02-05 11:22:13.762 [info] > git cat-file -s 3718973956455fb48b2bbbcebd9a4c8f9b6a93fe [7ms]
2025-02-05 11:22:13.810 [info] > git status -z -uall [25ms]
2025-02-05 11:22:13.815 [info] > git for-each-ref --sort -committerdate --format %(refname) %(objectname) %(*objectname) [8ms]
2025-02-05 11:22:13.882 [info] > git merge-base refs/heads/master refs/remotes/origin/master [10ms]
2025-02-05 11:22:13.904 [info] > git blame --root --incremental deaf3b8cb3431bd794bdd32547884623fae04abe -- /home/zaryu/GitHub/Zaryu-Hyde/Scripts/restore_cfg.psv [56ms]
2025-02-05 11:22:13.950 [info] > git show --textconv :Scripts/restore_cfg.psv [20ms]
2025-02-05 11:22:13.952 [info] > git diff --name-status -z --diff-filter=ADMR deaf3b8cb3431bd794bdd32547884623fae04abe...refs/remotes/origin/master [49ms]
2025-02-05 11:22:14.354 [info] > git rev-parse --show-toplevel [4ms]
2025-02-05 11:23:53.473 [info] > git config --get commit.template [27ms]
2025-02-05 11:23:53.494 [info] > git ls-files --stage -- /home/zaryu/GitHub/Zaryu-Hyde/Scripts/restore_cfg.psv [24ms]
2025-02-05 11:23:53.514 [info] > git for-each-ref --format=%(refname)%00%(upstream:short)%00%(objectname)%00%(upstream:track)%00%(upstream:remotename)%00%(upstream:remoteref) refs/heads/master refs/remotes/master [22ms]
2025-02-05 11:23:53.517 [info] > git cat-file -s 3718973956455fb48b2bbbcebd9a4c8f9b6a93fe [5ms]
2025-02-05 11:23:53.560 [info] > git status -z -uall [20ms]
2025-02-05 11:23:53.564 [info] > git for-each-ref --sort -committerdate --format %(refname) %(objectname) %(*objectname) [6ms]
2025-02-05 11:23:53.650 [info] > git show --textconv :Scripts/restore_cfg.psv [13ms]
2025-02-05 11:23:53.652 [info] > git merge-base refs/heads/master refs/remotes/origin/master [43ms]
2025-02-05 11:23:53.673 [info] > git blame --root --incremental e1b09c054b8c82e6d5053fab23611770f950bcf4 -- /home/zaryu/GitHub/Zaryu-Hyde/Scripts/restore_cfg.psv [82ms]
2025-02-05 11:23:53.681 [info] > git diff --name-status -z --diff-filter=ADMR e1b09c054b8c82e6d5053fab23611770f950bcf4...refs/remotes/origin/master [8ms]
2025-02-05 11:23:54.097 [info] > git rev-parse --show-toplevel [4ms]
2025-02-05 11:24:06.051 [info] > git config --get commit.template [22ms]
2025-02-05 11:24:06.055 [info] > git for-each-ref --format=%(refname)%00%(upstream:short)%00%(objectname)%00%(upstream:track)%00%(upstream:remotename)%00%(upstream:remoteref) refs/heads/master refs/remotes/master [7ms]
2025-02-05 11:24:06.096 [info] > git status -z -uall [22ms]
2025-02-05 11:24:06.105 [info] > git for-each-ref --sort -committerdate --format %(refname) %(objectname) %(*objectname) [12ms]
2025-02-05 11:24:06.635 [info] > git rev-parse --show-toplevel [5ms]
2025-02-05 11:25:04.289 [info] > git config --get commit.template [28ms]
2025-02-05 11:25:04.312 [info] > git ls-files --stage -- /home/zaryu/GitHub/Zaryu-Hyde/Scripts/restore_cfg.psv [26ms]
2025-02-05 11:25:04.334 [info] > git for-each-ref --format=%(refname)%00%(upstream:short)%00%(objectname)%00%(upstream:track)%00%(upstream:remotename)%00%(upstream:remoteref) refs/heads/master refs/remotes/master [25ms]
2025-02-05 11:25:04.337 [info] > git cat-file -s 3718973956455fb48b2bbbcebd9a4c8f9b6a93fe [6ms]
2025-02-05 11:25:04.386 [info] > git status -z -uall [26ms]
2025-02-05 11:25:04.390 [info] > git for-each-ref --sort -committerdate --format %(refname) %(objectname) %(*objectname) [7ms]
2025-02-05 11:25:04.489 [info] > git show --textconv :Scripts/restore_cfg.psv [8ms]
2025-02-05 11:25:04.490 [info] > git merge-base refs/heads/master refs/remotes/origin/master [38ms]
2025-02-05 11:25:04.510 [info] > git blame --root --incremental abc5ae57ae692ec7317482d567eef23e182d1162 -- /home/zaryu/GitHub/Zaryu-Hyde/Scripts/restore_cfg.psv [87ms]
2025-02-05 11:25:04.520 [info] > git diff --name-status -z --diff-filter=ADMR abc5ae57ae692ec7317482d567eef23e182d1162...refs/remotes/origin/master [10ms]
2025-02-05 11:25:04.923 [info] > git rev-parse --show-toplevel [3ms]
2025-02-05 11:26:20.472 [info] > git config --get commit.template [7ms]
2025-02-05 11:26:20.517 [info] > git ls-files --stage -- /home/zaryu/GitHub/Zaryu-Hyde/Scripts/restore_cfg.psv [24ms]
2025-02-05 11:26:20.540 [info] > git for-each-ref --format=%(refname)%00%(upstream:short)%00%(objectname)%00%(upstream:track)%00%(upstream:remotename)%00%(upstream:remoteref) refs/heads/master refs/remotes/master [25ms]
2025-02-05 11:26:20.542 [info] > git cat-file -s 3718973956455fb48b2bbbcebd9a4c8f9b6a93fe [6ms]
2025-02-05 11:26:20.589 [info] > git status -z -uall [25ms]
2025-02-05 11:26:20.594 [info] > git for-each-ref --sort -committerdate --format %(refname) %(objectname) %(*objectname) [7ms]
2025-02-05 11:26:20.682 [info] > git show --textconv :Scripts/restore_cfg.psv [8ms]
2025-02-05 11:26:20.683 [info] > git merge-base refs/heads/master refs/remotes/origin/master [36ms]
2025-02-05 11:26:20.703 [info] > git blame --root --incremental ec8aa608bd27d960be079eb9498b55c39230e693 -- /home/zaryu/GitHub/Zaryu-Hyde/Scripts/restore_cfg.psv [75ms]
2025-02-05 11:26:20.713 [info] > git diff --name-status -z --diff-filter=ADMR ec8aa608bd27d960be079eb9498b55c39230e693...refs/remotes/origin/master [11ms]
2025-02-05 11:26:21.128 [info] > git rev-parse --show-toplevel [3ms]
2025-02-05 11:26:25.702 [info] > git config --get commit.template [21ms]
2025-02-05 11:26:25.704 [info] > git for-each-ref --format=%(refname)%00%(upstream:short)%00%(objectname)%00%(upstream:track)%00%(upstream:remotename)%00%(upstream:remoteref) refs/heads/master refs/remotes/master [5ms]
2025-02-05 11:26:25.743 [info] > git status -z -uall [20ms]
2025-02-05 11:26:25.747 [info] > git for-each-ref --sort -committerdate --format %(refname) %(objectname) %(*objectname) [5ms]
2025-02-05 11:26:26.278 [info] > git rev-parse --show-toplevel [4ms]
